2021-11-14 14:25:15,686:INFO:
=======
models:TUNet,
epoch:20,
batch size:2
dataset:tongue
========
2021-11-14 14:25:18,827:INFO:Epoch 0/19
2021-11-14 14:25:22,033:INFO:1/2,train_loss:0.712
2021-11-14 14:25:22,419:INFO:2/2,train_loss:0.669
2021-11-14 14:25:37,908:INFO:Miou=0.000000,aver_hd=18.381375,aver_dice=0.000000
2021-11-14 14:25:37,908:INFO:epoch 0 loss:1.381
2021-11-14 14:25:37,909:INFO:Epoch 1/19
2021-11-14 14:25:38,414:INFO:1/2,train_loss:0.651
2021-11-14 14:25:38,802:INFO:2/2,train_loss:0.603
2021-11-14 14:25:54,100:INFO:Miou=0.000000,aver_hd=18.381375,aver_dice=0.000000
2021-11-14 14:25:54,101:INFO:epoch 1 loss:1.254
2021-11-14 14:25:54,101:INFO:Epoch 2/19
2021-11-14 14:25:54,612:INFO:1/2,train_loss:0.606
2021-11-14 14:25:54,960:INFO:2/2,train_loss:0.556
2021-11-14 14:26:10,384:INFO:Miou=0.000000,aver_hd=18.381375,aver_dice=0.000000
2021-11-14 14:26:10,384:INFO:epoch 2 loss:1.162
2021-11-14 14:26:10,384:INFO:Epoch 3/19
2021-11-14 14:26:10,898:INFO:1/2,train_loss:0.568
2021-11-14 14:26:11,246:INFO:2/2,train_loss:0.520
2021-11-14 14:26:26,804:INFO:Miou=0.000000,aver_hd=18.381375,aver_dice=0.000000
2021-11-14 14:26:26,805:INFO:epoch 3 loss:1.087
2021-11-14 14:26:26,805:INFO:Epoch 4/19
2021-11-14 14:26:27,294:INFO:1/2,train_loss:0.538
2021-11-14 14:26:27,642:INFO:2/2,train_loss:0.488
2021-11-14 14:26:43,143:INFO:Miou=0.000000,aver_hd=18.381375,aver_dice=0.000000
2021-11-14 14:26:43,143:INFO:epoch 4 loss:1.026
2021-11-14 14:26:43,144:INFO:Epoch 5/19
2021-11-14 14:26:43,670:INFO:1/2,train_loss:0.507
2021-11-14 14:26:44,021:INFO:2/2,train_loss:0.463
2021-11-14 14:26:59,539:INFO:Miou=0.000000,aver_hd=18.381375,aver_dice=0.000000
2021-11-14 14:26:59,539:INFO:epoch 5 loss:0.970
2021-11-14 14:26:59,539:INFO:Epoch 6/19
2021-11-14 14:27:00,049:INFO:1/2,train_loss:0.488
2021-11-14 14:27:00,399:INFO:2/2,train_loss:0.446
2021-11-14 14:27:15,921:INFO:Miou=0.000000,aver_hd=18.381375,aver_dice=0.000000
2021-11-14 14:27:15,921:INFO:epoch 6 loss:0.934
2021-11-14 14:27:15,921:INFO:Epoch 7/19
2021-11-14 14:27:16,412:INFO:1/2,train_loss:0.464
2021-11-14 14:27:16,759:INFO:2/2,train_loss:0.429
2021-11-14 14:27:38,027:INFO:
=======
models:TUNet,
epoch:20,
batch size:2
dataset:tongue
========
2021-11-14 14:27:41,070:INFO:Epoch 0/19
2021-11-14 14:27:44,493:INFO:1/2,train_loss:0.665
2021-11-14 14:27:45,068:INFO:2/2,train_loss:0.630
2021-11-14 14:28:04,568:INFO:Miou=0.251680,aver_hd=27.712813,aver_dice=0.400863
2021-11-14 14:28:04,568:INFO:aver_iou:0.2516795970775463 > best_iou:0
2021-11-14 14:28:04,568:INFO:===========>save best model!
2021-11-14 14:28:05,150:INFO:epoch 0 loss:1.295
2021-11-14 14:28:05,151:INFO:Epoch 1/19
2021-11-14 14:28:05,903:INFO:1/2,train_loss:0.616
2021-11-14 14:28:06,439:INFO:2/2,train_loss:0.579
2021-11-14 14:28:25,826:INFO:Miou=0.251680,aver_hd=27.703789,aver_dice=0.400863
2021-11-14 14:28:25,826:INFO:aver_iou:0.2516798414576533 > best_iou:0.2516795970775463
2021-11-14 14:28:25,827:INFO:===========>save best model!
2021-11-14 14:28:26,926:INFO:epoch 1 loss:1.194
2021-11-14 14:28:26,926:INFO:Epoch 2/19
2021-11-14 14:28:27,638:INFO:1/2,train_loss:0.579
2021-11-14 14:28:28,176:INFO:2/2,train_loss:0.538
2021-11-14 14:28:44,508:INFO:Miou=0.158973,aver_hd=23.554612,aver_dice=0.274154
2021-11-14 14:28:44,508:INFO:epoch 2 loss:1.117
2021-11-14 14:28:44,508:INFO:Epoch 3/19
2021-11-14 14:28:45,209:INFO:1/2,train_loss:0.546
2021-11-14 14:28:45,749:INFO:2/2,train_loss:0.506
2021-11-14 14:29:01,283:INFO:Miou=0.000098,aver_hd=19.559680,aver_dice=0.000196
2021-11-14 14:29:01,284:INFO:epoch 3 loss:1.052
2021-11-14 14:29:01,284:INFO:Epoch 4/19
2021-11-14 14:29:01,988:INFO:1/2,train_loss:0.519
2021-11-14 14:29:02,524:INFO:2/2,train_loss:0.481
2021-11-14 14:29:18,349:INFO:Miou=0.000000,aver_hd=16.331691,aver_dice=0.000000
2021-11-14 14:29:18,349:INFO:epoch 4 loss:1.000
2021-11-14 14:29:18,350:INFO:Epoch 5/19
2021-11-14 14:29:19,040:INFO:1/2,train_loss:0.496
2021-11-14 14:29:19,577:INFO:2/2,train_loss:0.460
2021-11-14 14:29:35,448:INFO:Miou=0.000000,aver_hd=16.112866,aver_dice=0.000000
2021-11-14 14:29:35,448:INFO:epoch 5 loss:0.955
2021-11-14 14:29:35,450:INFO:Epoch 6/19
2021-11-14 14:29:36,142:INFO:1/2,train_loss:0.478
2021-11-14 14:29:36,677:INFO:2/2,train_loss:0.444
2021-11-14 14:29:52,562:INFO:Miou=0.000000,aver_hd=17.613708,aver_dice=0.000000
2021-11-14 14:29:52,562:INFO:epoch 6 loss:0.922
2021-11-14 14:29:52,562:INFO:Epoch 7/19
2021-11-14 14:29:53,254:INFO:1/2,train_loss:0.462
2021-11-14 14:29:53,795:INFO:2/2,train_loss:0.429
2021-11-14 14:30:09,612:INFO:Miou=0.000000,aver_hd=18.311769,aver_dice=0.000000
2021-11-14 14:30:09,613:INFO:epoch 7 loss:0.891
2021-11-14 14:30:09,613:INFO:Epoch 8/19
2021-11-14 14:30:10,290:INFO:1/2,train_loss:0.450
2021-11-14 14:30:10,832:INFO:2/2,train_loss:0.419
2021-11-14 14:30:26,475:INFO:Miou=0.000000,aver_hd=18.339676,aver_dice=0.000000
2021-11-14 14:30:26,476:INFO:epoch 8 loss:0.868
2021-11-14 14:30:26,476:INFO:Epoch 9/19
2021-11-14 14:30:27,142:INFO:1/2,train_loss:0.439
2021-11-14 14:30:27,680:INFO:2/2,train_loss:0.414
2021-11-14 14:30:43,257:INFO:Miou=0.000000,aver_hd=18.353597,aver_dice=0.000000
2021-11-14 14:30:43,257:INFO:epoch 9 loss:0.853
2021-11-14 14:30:43,258:INFO:Epoch 10/19
2021-11-14 14:30:43,929:INFO:1/2,train_loss:0.431
2021-11-14 14:30:44,471:INFO:2/2,train_loss:0.409
2021-11-14 14:31:00,098:INFO:Miou=0.000000,aver_hd=18.367497,aver_dice=0.000000
2021-11-14 14:31:00,099:INFO:epoch 10 loss:0.840
2021-11-14 14:31:00,099:INFO:Epoch 11/19
2021-11-14 14:31:00,797:INFO:1/2,train_loss:0.426
2021-11-14 14:31:01,335:INFO:2/2,train_loss:0.400
2021-11-14 14:31:17,457:INFO:Miou=0.000000,aver_hd=18.381375,aver_dice=0.000000
2021-11-14 14:31:17,457:INFO:epoch 11 loss:0.826
2021-11-14 14:31:17,458:INFO:Epoch 12/19
2021-11-14 14:31:18,134:INFO:1/2,train_loss:0.422
2021-11-14 14:31:18,675:INFO:2/2,train_loss:0.396
2021-11-14 14:31:34,599:INFO:Miou=0.000000,aver_hd=18.381375,aver_dice=0.000000
2021-11-14 14:31:34,599:INFO:epoch 12 loss:0.818
2021-11-14 14:31:34,600:INFO:Epoch 13/19
2021-11-14 14:31:35,266:INFO:1/2,train_loss:0.415
2021-11-14 14:31:35,802:INFO:2/2,train_loss:0.392
2021-11-14 14:31:51,535:INFO:Miou=0.000000,aver_hd=18.381375,aver_dice=0.000000
2021-11-14 14:31:51,535:INFO:epoch 13 loss:0.807
2021-11-14 14:31:51,536:INFO:Epoch 14/19
2021-11-14 14:31:52,231:INFO:1/2,train_loss:0.410
2021-11-14 14:31:52,777:INFO:2/2,train_loss:0.390
2021-11-14 14:32:08,582:INFO:Miou=0.000000,aver_hd=18.381375,aver_dice=0.000000
2021-11-14 14:32:08,583:INFO:epoch 14 loss:0.800
2021-11-14 14:32:08,583:INFO:Epoch 15/19
2021-11-14 14:32:09,282:INFO:1/2,train_loss:0.407
2021-11-14 14:32:09,821:INFO:2/2,train_loss:0.385
2021-11-14 14:32:25,562:INFO:Miou=0.000000,aver_hd=18.381375,aver_dice=0.000000
2021-11-14 14:32:25,563:INFO:epoch 15 loss:0.792
2021-11-14 14:32:25,563:INFO:Epoch 16/19
2021-11-14 14:32:26,232:INFO:1/2,train_loss:0.404
2021-11-14 14:32:26,768:INFO:2/2,train_loss:0.383
2021-11-14 14:32:42,511:INFO:Miou=0.000000,aver_hd=18.381375,aver_dice=0.000000
2021-11-14 14:32:42,511:INFO:epoch 16 loss:0.787
2021-11-14 14:32:42,511:INFO:Epoch 17/19
2021-11-14 14:32:43,198:INFO:1/2,train_loss:0.400
2021-11-14 14:32:43,735:INFO:2/2,train_loss:0.380
2021-11-14 14:32:59,773:INFO:Miou=0.000000,aver_hd=18.381375,aver_dice=0.000000
2021-11-14 14:32:59,773:INFO:epoch 17 loss:0.780
2021-11-14 14:32:59,774:INFO:Epoch 18/19
2021-11-14 14:33:00,449:INFO:1/2,train_loss:0.398
2021-11-14 14:33:00,988:INFO:2/2,train_loss:0.378
2021-11-14 14:33:17,009:INFO:Miou=0.000000,aver_hd=18.381375,aver_dice=0.000000
2021-11-14 14:33:17,009:INFO:epoch 18 loss:0.776
2021-11-14 14:33:17,010:INFO:Epoch 19/19
2021-11-14 14:33:17,698:INFO:1/2,train_loss:0.395
2021-11-14 14:33:18,237:INFO:2/2,train_loss:0.376
2021-11-14 14:33:34,018:INFO:Miou=0.000000,aver_hd=18.381375,aver_dice=0.000000
2021-11-14 14:33:34,018:INFO:epoch 19 loss:0.770
2021-11-14 14:33:34,047:DEBUG:findfont: Matching sans\-serif:style=normal:variant=normal:weight=normal:stretch=normal:size=10.0.
2021-11-14 14:33:34,048:DEBUG:findfont: score(<Font 'STIXSizeOneSym' (STIXSizOneSymBol.ttf) normal normal 700 normal>) = 10.335
2021-11-14 14:33:34,048:DEBUG:findfont: score(<Font 'STIXSizeFiveSym' (STIXSizFiveSymReg.ttf) normal normal 400 normal>) = 10.05
2021-11-14 14:33:34,048:DEBUG:findfont: score(<Font 'STIXSizeOneSym' (STIXSizOneSymReg.ttf) normal normal 400 normal>) = 10.05
2021-11-14 14:33:34,048:DEBUG:findfont: score(<Font 'DejaVu Sans' (DejaVuSans.ttf) normal normal 400 normal>) = 0.05
2021-11-14 14:33:34,048:DEBUG:findfont: score(<Font 'STIXNonUnicode' (STIXNonUni.ttf) normal normal 400 normal>) = 10.05
2021-11-14 14:33:34,048:DEBUG:findfont: score(<Font 'DejaVu Sans' (DejaVuSans-BoldOblique.ttf) oblique normal 700 normal>) = 1.335
2021-11-14 14:33:34,048:DEBUG:findfont: score(<Font 'cmmi10' (cmmi10.ttf) normal normal 400 normal>) = 10.05
2021-11-14 14:33:34,048:DEBUG:findfont: score(<Font 'cmb10' (cmb10.ttf) normal normal 400 normal>) = 10.05
2021-11-14 14:33:34,048:DEBUG:findfont: score(<Font 'STIXSizeTwoSym' (STIXSizTwoSymReg.ttf) normal normal 400 normal>) = 10.05
2021-11-14 14:33:34,048:DEBUG:findfont: score(<Font 'DejaVu Sans' (DejaVuSans-Bold.ttf) normal normal 700 normal>) = 0.33499999999999996
2021-11-14 14:33:34,048:DEBUG:findfont: score(<Font 'STIXSizeThreeSym' (STIXSizThreeSymReg.ttf) normal normal 400 normal>) = 10.05
2021-11-14 14:33:34,049:DEBUG:findfont: score(<Font 'DejaVu Serif' (DejaVuSerif-Bold.ttf) normal normal 700 normal>) = 10.335
2021-11-14 14:33:34,049:DEBUG:findfont: score(<Font 'STIXSizeFourSym' (STIXSizFourSymReg.ttf) normal normal 400 normal>) = 10.05
2021-11-14 14:33:34,049:DEBUG:findfont: score(<Font 'DejaVu Sans Mono' (DejaVuSansMono.ttf) normal normal 400 normal>) = 10.05
2021-11-14 14:33:34,049:DEBUG:findfont: score(<Font 'STIXNonUnicode' (STIXNonUniIta.ttf) italic normal 400 normal>) = 11.05
2021-11-14 14:33:34,049:DEBUG:findfont: score(<Font 'cmex10' (cmex10.ttf) normal normal 400 normal>) = 10.05
2021-11-14 14:33:34,049:DEBUG:findfont: score(<Font 'cmss10' (cmss10.ttf) normal normal 400 normal>) = 10.05
2021-11-14 14:33:34,049:DEBUG:findfont: score(<Font 'cmsy10' (cmsy10.ttf) normal normal 400 normal>) = 10.05
2021-11-14 14:33:34,049:DEBUG:findfont: score(<Font 'cmr10' (cmr10.ttf) normal normal 400 normal>) = 10.05
2021-11-14 14:33:34,049:DEBUG:findfont: score(<Font 'DejaVu Serif Display' (DejaVuSerifDisplay.ttf) normal normal 400 normal>) = 10.05
2021-11-14 14:33:34,049:DEBUG:findfont: score(<Font 'DejaVu Sans Mono' (DejaVuSansMono-Oblique.ttf) oblique normal 400 normal>) = 11.05
2021-11-14 14:33:34,049:DEBUG:findfont: score(<Font 'DejaVu Sans' (DejaVuSans-Oblique.ttf) oblique normal 400 normal>) = 1.05
2021-11-14 14:33:34,049:DEBUG:findfont: score(<Font 'DejaVu Sans Mono' (DejaVuSansMono-BoldOblique.ttf) oblique normal 700 normal>) = 11.335
2021-11-14 14:33:34,049:DEBUG:findfont: score(<Font 'STIXSizeFourSym' (STIXSizFourSymBol.ttf) normal normal 700 normal>) = 10.335
2021-11-14 14:33:34,049:DEBUG:findfont: score(<Font 'STIXNonUnicode' (STIXNonUniBolIta.ttf) italic normal 700 normal>) = 11.335
2021-11-14 14:33:34,049:DEBUG:findfont: score(<Font 'STIXGeneral' (STIXGeneralItalic.ttf) italic normal 400 normal>) = 11.05
2021-11-14 14:33:34,049:DEBUG:findfont: score(<Font 'STIXGeneral' (STIXGeneralBol.ttf) normal normal 700 normal>) = 10.335
2021-11-14 14:33:34,049:DEBUG:findfont: score(<Font 'DejaVu Sans Display' (DejaVuSansDisplay.ttf) normal normal 400 normal>) = 10.05
2021-11-14 14:33:34,050:DEBUG:findfont: score(<Font 'DejaVu Serif' (DejaVuSerif-BoldItalic.ttf) italic normal 700 normal>) = 11.335
2021-11-14 14:33:34,050:DEBUG:findfont: score(<Font 'DejaVu Serif' (DejaVuSerif-Italic.ttf) italic normal 400 normal>) = 11.05
2021-11-14 14:33:34,050:DEBUG:findfont: score(<Font 'STIXNonUnicode' (STIXNonUniBol.ttf) normal normal 700 normal>) = 10.335
2021-11-14 14:33:34,050:DEBUG:findfont: score(<Font 'DejaVu Sans Mono' (DejaVuSansMono-Bold.ttf) normal normal 700 normal>) = 10.335
2021-11-14 14:33:34,050:DEBUG:findfont: score(<Font 'DejaVu Serif' (DejaVuSerif.ttf) normal normal 400 normal>) = 10.05
2021-11-14 14:33:34,050:DEBUG:findfont: score(<Font 'STIXSizeThreeSym' (STIXSizThreeSymBol.ttf) normal normal 700 normal>) = 10.335
2021-11-14 14:33:34,050:DEBUG:findfont: score(<Font 'STIXSizeTwoSym' (STIXSizTwoSymBol.ttf) normal normal 700 normal>) = 10.335
2021-11-14 14:33:34,050:DEBUG:findfont: score(<Font 'STIXGeneral' (STIXGeneralBolIta.ttf) italic normal 700 normal>) = 11.335
2021-11-14 14:33:34,050:DEBUG:findfont: score(<Font 'cmtt10' (cmtt10.ttf) normal normal 400 normal>) = 10.05
2021-11-14 14:33:34,050:DEBUG:findfont: score(<Font 'STIXGeneral' (STIXGeneral.ttf) normal normal 400 normal>) = 10.05
2021-11-14 14:33:34,050:DEBUG:findfont: score(<Font 'STIXIntegralsUpSm' (STIXIntegralsUpSm-Bold.otf) normal normal 700 normal>) = 10.335
2021-11-14 14:33:34,050:DEBUG:findfont: score(<Font 'Verdana' (Verdana_Bold_Italic.ttf) italic normal 700 normal>) = 4.971363636363637
2021-11-14 14:33:34,050:DEBUG:findfont: score(<Font 'Arial' (ariali.ttf) italic normal 400 normal>) = 7.413636363636363
2021-11-14 14:33:34,050:DEBUG:findfont: score(<Font 'Trebuchet MS' (trebucbd.ttf) normal normal 700 normal>) = 10.335
2021-11-14 14:33:34,050:DEBUG:findfont: score(<Font 'cmr10' (cmr10.ttf) normal normal 400 normal>) = 10.05
2021-11-14 14:33:34,050:DEBUG:findfont: score(<Font 'STIX' (STIX-Bold.otf) normal normal 700 normal>) = 10.335
2021-11-14 14:33:34,051:DEBUG:findfont: score(<Font 'Liberation Mono' (LiberationMono-BoldItalic.ttf) italic normal 700 normal>) = 11.335
2021-11-14 14:33:34,051:DEBUG:findfont: score(<Font 'FreeSans' (FreeSansBold.ttf) normal normal 600 normal>) = 10.24
2021-11-14 14:33:34,051:DEBUG:findfont: score(<Font 'Courier New' (Courier_New_Bold.ttf) normal normal 700 normal>) = 10.335
2021-11-14 14:33:34,051:DEBUG:findfont: score(<Font 'KacstFarsi' (KacstFarsi.ttf) normal normal 500 normal>) = 10.145
2021-11-14 14:33:34,051:DEBUG:findfont: score(<Font 'STIXSizeThreeSym' (STIXSizeThreeSym-Bold.otf) normal normal 700 normal>) = 10.335
2021-11-14 14:33:34,051:DEBUG:findfont: score(<Font 'Noto Sans CJK JP' (NotoSansCJK-Black.ttc) normal normal 900 normal>) = 10.525
2021-11-14 14:33:34,051:DEBUG:findfont: score(<Font 'DejaVu Sans Mono' (DejaVuSansMono-Bold.ttf) normal normal 700 normal>) = 10.335
2021-11-14 14:33:34,051:DEBUG:findfont: score(<Font 'DejaVu Sans' (DejaVuSans-Bold.ttf) normal normal 700 normal>) = 0.33499999999999996
2021-11-14 14:33:34,051:DEBUG:findfont: score(<Font 'Times New Roman' (times.ttf) normal normal 400 normal>) = 10.05
2021-11-14 14:33:34,051:DEBUG:findfont: score(<Font 'Ume P Gothic C4' (ume-pgc4.ttf) normal normal 400 normal>) = 10.05
2021-11-14 14:33:34,051:DEBUG:findfont: score(<Font 'Loma' (Loma.ttf) normal normal 400 normal>) = 10.05
2021-11-14 14:33:34,051:DEBUG:findfont: score(<Font 'Impact' (impact.ttf) normal normal 400 normal>) = 10.05
2021-11-14 14:33:34,051:DEBUG:findfont: score(<Font 'KacstOne' (KacstOne.ttf) normal normal 400 normal>) = 10.05
2021-11-14 14:33:34,051:DEBUG:findfont: score(<Font 'Liberation Serif' (LiberationSerif-BoldItalic.ttf) italic normal 700 normal>) = 11.335
2021-11-14 14:33:34,051:DEBUG:findfont: score(<Font 'Padauk' (Padauk-bold.ttf) normal normal 700 normal>) = 10.335
2021-11-14 14:33:34,051:DEBUG:findfont: score(<Font 'STIXGeneral' (STIXGeneral-Regular.otf) normal normal 400 normal>) = 10.05
2021-11-14 14:33:34,051:DEBUG:findfont: score(<Font 'DejaVu Sans' (DejaVuSans-ExtraLight.ttf) normal normal 200 normal>) = 0.24
2021-11-14 14:33:34,051:DEBUG:findfont: score(<Font 'STIXSizeTwoSym' (STIXSizeTwoSym-Regular.otf) normal normal 400 normal>) = 10.05
2021-11-14 14:33:34,051:DEBUG:findfont: score(<Font 'UnDinaru' (UnDinaru.ttf) normal normal 400 normal>) = 10.05
2021-11-14 14:33:34,052:DEBUG:findfont: score(<Font 'mry_KacstQurn' (mry_KacstQurn.ttf) normal normal 400 normal>) = 10.05
2021-11-14 14:33:34,052:DEBUG:findfont: score(<Font 'DejaVu Sans' (DejaVuSans-Oblique.ttf) oblique normal 400 normal>) = 1.05
2021-11-14 14:33:34,052:DEBUG:findfont: score(<Font 'KacstLetter' (KacstLetter.ttf) normal normal 500 normal>) = 10.145
2021-11-14 14:33:34,052:DEBUG:findfont: score(<Font 'cmsy10' (cmsy10.ttf) normal normal 400 normal>) = 10.05
2021-11-14 14:33:34,052:DEBUG:findfont: score(<Font 'Georgia' (Georgia_Bold.ttf) normal normal 700 normal>) = 10.335
2021-11-14 14:33:34,052:DEBUG:findfont: score(<Font 'Courier New' (Courier_New_Bold_Italic.ttf) italic normal 700 normal>) = 11.335
2021-11-14 14:33:34,052:DEBUG:findfont: score(<Font 'STIXSizeOneSym' (STIXSizeOneSym-Bold.otf) normal normal 700 normal>) = 10.335
2021-11-14 14:33:34,052:DEBUG:findfont: score(<Font 'STIXSizeFourSym' (STIXSizeFourSym-Bold.otf) normal normal 700 normal>) = 10.335
2021-11-14 14:33:34,052:DEBUG:findfont: score(<Font 'Laksaman' (Laksaman-Italic.ttf) italic normal 400 normal>) = 11.05
2021-11-14 14:33:34,052:DEBUG:findfont: score(<Font 'Trebuchet MS' (trebucbi.ttf) italic normal 700 normal>) = 11.335
2021-11-14 14:33:34,052:DEBUG:findfont: score(<Font 'Tlwg Mono' (TlwgMono-Oblique.ttf) oblique normal 400 normal>) = 11.05
2021-11-14 14:33:34,052:DEBUG:findfont: score(<Font 'Sawasdee' (Sawasdee-BoldOblique.ttf) oblique normal 700 normal>) = 11.335
2021-11-14 14:33:34,052:DEBUG:findfont: score(<Font 'Ume Mincho' (ume-tmo3.ttf) normal normal 400 normal>) = 10.05
2021-11-14 14:33:34,052:DEBUG:findfont: score(<Font 'Ubuntu' (Ubuntu-M.ttf) normal normal 500 normal>) = 10.145
2021-11-14 14:33:34,052:DEBUG:findfont: score(<Font 'Phetsarath OT' (Phetsarath_OT.ttf) normal normal 400 normal>) = 10.05
2021-11-14 14:33:34,052:DEBUG:findfont: score(<Font 'Laksaman' (Laksaman-BoldItalic.ttf) italic normal 700 normal>) = 11.335
2021-11-14 14:33:34,052:DEBUG:findfont: score(<Font 'Liberation Mono' (LiberationMono-Regular.ttf) normal normal 400 normal>) = 10.05
2021-11-14 14:33:34,053:DEBUG:findfont: score(<Font 'DejaVu Sans Mono' (DejaVuSansMono.ttf) normal normal 400 normal>) = 10.05
2021-11-14 14:33:34,053:DEBUG:findfont: score(<Font 'Courier New' (Courier_New.ttf) normal normal 400 normal>) = 10.05
2021-11-14 14:33:34,053:DEBUG:findfont: score(<Font 'Arial' (arial.ttf) normal normal 400 normal>) = 6.413636363636363
2021-11-14 14:33:34,053:DEBUG:findfont: score(<Font 'Courier New' (cour.ttf) normal normal 400 normal>) = 10.05
2021-11-14 14:33:34,053:DEBUG:findfont: score(<Font 'rsfs10' (rsfs10.ttf) italic normal 400 normal>) = 11.05
2021-11-14 14:33:34,053:DEBUG:findfont: score(<Font 'KacstOne' (KacstOne-Bold.ttf) normal normal 700 normal>) = 10.335
2021-11-14 14:33:34,053:DEBUG:findfont: score(<Font 'Kinnari' (Kinnari.ttf) normal normal 500 normal>) = 10.145
2021-11-14 14:33:34,053:DEBUG:findfont: score(<Font 'FreeMono' (FreeMonoOblique.ttf) oblique normal 400 normal>) = 11.05
2021-11-14 14:33:34,053:DEBUG:findfont: score(<Font 'UnBatang' (UnBatangBold.ttf) normal normal 700 normal>) = 10.335
2021-11-14 14:33:34,053:DEBUG:findfont: score(<Font 'Bitstream Vera Serif' (VeraSeBd.ttf) normal normal 700 normal>) = 10.335
2021-11-14 14:33:34,053:DEBUG:findfont: score(<Font 'FreeMono' (FreeMonoBoldOblique.ttf) oblique normal 700 normal>) = 11.335
2021-11-14 14:33:34,053:DEBUG:findfont: score(<Font 'UnGungseo' (UnGungseo.ttf) normal normal 400 normal>) = 10.05
2021-11-14 14:33:34,053:DEBUG:findfont: score(<Font 'Arial' (Arial.ttf) normal normal 400 normal>) = 6.413636363636363
2021-11-14 14:33:34,053:DEBUG:findfont: score(<Font 'Bitstream Vera Sans Mono' (VeraMoBd.ttf) normal normal 700 normal>) = 10.335
2021-11-14 14:33:34,053:DEBUG:findfont: score(<Font 'Waree' (Waree-Bold.ttf) normal normal 700 normal>) = 10.335
2021-11-14 14:33:34,053:DEBUG:findfont: score(<Font 'Times New Roman' (Times_New_Roman.ttf) normal normal 400 normal>) = 10.05
2021-11-14 14:33:34,053:DEBUG:findfont: score(<Font 'STIXVariants' (STIXVariants-Bold.otf) normal normal 700 normal>) = 10.335
2021-11-14 14:33:34,053:DEBUG:findfont: score(<Font 'KacstBook' (KacstBook.ttf) normal normal 500 normal>) = 10.145
2021-11-14 14:33:34,053:DEBUG:findfont: score(<Font 'Ume P Gothic S4' (ume-pgs4.ttf) normal normal 400 normal>) = 10.05
2021-11-14 14:33:34,053:DEBUG:findfont: score(<Font 'Verdana' (Verdana.ttf) normal normal 400 normal>) = 3.6863636363636365
2021-11-14 14:33:34,053:DEBUG:findfont: score(<Font 'Noto Sans CJK JP' (NotoSansCJK-Bold.ttc) normal normal 700 normal>) = 10.335
2021-11-14 14:33:34,053:DEBUG:findfont: score(<Font 'Bitstream Vera Sans' (VeraBd.ttf) normal normal 700 normal>) = 1.2440909090909091
2021-11-14 14:33:34,053:DEBUG:findfont: score(<Font 'Bitstream Vera Sans Mono' (VeraMono.ttf) normal normal 400 normal>) = 10.05
2021-11-14 14:33:34,054:DEBUG:findfont: score(<Font 'cmmi10' (cmmi10.ttf) normal normal 400 normal>) = 10.05
2021-11-14 14:33:34,054:DEBUG:findfont: score(<Font 'Padauk Book' (Padauk-book.ttf) normal normal 400 normal>) = 10.05
2021-11-14 14:33:34,054:DEBUG:findfont: score(<Font 'Ume Gothic C4' (ume-tgc4.ttf) normal normal 400 normal>) = 10.05
2021-11-14 14:33:34,054:DEBUG:findfont: score(<Font 'Ubuntu' (Ubuntu-B.ttf) normal normal 700 normal>) = 10.335
2021-11-14 14:33:34,054:DEBUG:findfont: score(<Font 'Garuda' (Garuda.ttf) normal normal 400 normal>) = 10.05
2021-11-14 14:33:34,054:DEBUG:findfont: score(<Font 'Waree' (Waree-BoldOblique.ttf) oblique normal 700 normal>) = 11.335
2021-11-14 14:33:34,054:DEBUG:findfont: score(<Font 'DejaVu Serif' (DejaVuSerif.ttf) normal normal 400 normal>) = 10.05
2021-11-14 14:33:34,054:DEBUG:findfont: score(<Font 'Times New Roman' (timesbi.ttf) italic normal 700 normal>) = 11.335
2021-11-14 14:33:34,054:DEBUG:findfont: score(<Font 'Tlwg Typo' (TlwgTypo-Oblique.ttf) oblique normal 500 normal>) = 11.145
2021-11-14 14:33:34,054:DEBUG:findfont: score(<Font 'Tlwg Typewriter' (TlwgTypewriter.ttf) normal normal 500 normal>) = 10.145
2021-11-14 14:33:34,054:DEBUG:findfont: score(<Font 'Verdana' (verdana.ttf) normal normal 400 normal>) = 3.6863636363636365
2021-11-14 14:33:34,054:DEBUG:findfont: score(<Font 'DejaVu Serif' (DejaVuSerif-BoldItalic.ttf) italic normal 700 normal>) = 11.335
2021-11-14 14:33:34,054:DEBUG:findfont: score(<Font 'STIXSizeFiveSym' (STIXSizeFiveSym-Regular.otf) normal normal 400 normal>) = 10.05
2021-11-14 14:33:34,054:DEBUG:findfont: score(<Font 'Times New Roman' (Times_New_Roman_Bold_Italic.ttf) italic normal 700 normal>) = 11.335
2021-11-14 14:33:34,054:DEBUG:findfont: score(<Font 'Trebuchet MS' (trebucit.ttf) italic normal 400 normal>) = 11.05
2021-11-14 14:33:34,054:DEBUG:findfont: score(<Font 'Courier New' (courbi.ttf) italic normal 700 normal>) = 11.335
2021-11-14 14:33:34,054:DEBUG:findfont: score(<Font 'Padauk' (Padauk.ttf) normal normal 400 normal>) = 10.05
2021-11-14 14:33:34,054:DEBUG:findfont: score(<Font 'Sawasdee' (Sawasdee-Bold.ttf) normal normal 700 normal>) = 10.335
2021-11-14 14:33:34,054:DEBUG:findfont: score(<Font 'OpenSymbol' (opens___.ttf) normal normal 400 normal>) = 10.05
2021-11-14 14:33:34,054:DEBUG:findfont: score(<Font 'FreeSans' (FreeSansOblique.ttf) oblique normal 400 normal>) = 11.05
2021-11-14 14:33:34,054:DEBUG:findfont: score(<Font 'FreeSerif' (FreeSerifBoldItalic.ttf) italic normal 700 normal>) = 11.335
2021-11-14 14:33:34,054:DEBUG:findfont: score(<Font 'msam10' (msam10.ttf) normal normal 400 normal>) = 10.05
2021-11-14 14:33:34,054:DEBUG:findfont: score(<Font 'Norasi' (Norasi-BoldOblique.ttf) oblique normal 700 normal>) = 11.335
2021-11-14 14:33:34,054:DEBUG:findfont: score(<Font 'Liberation Sans' (LiberationSans-Italic.ttf) italic normal 400 normal>) = 11.05
2021-11-14 14:33:34,054:DEBUG:findfont: score(<Font 'Times New Roman' (timesi.ttf) italic normal 400 normal>) = 11.05
2021-11-14 14:33:34,054:DEBUG:findfont: score(<Font 'Noto Sans CJK JP' (NotoSansCJK-Thin.ttc) normal normal 250 normal>) = 10.1925
2021-11-14 14:33:34,054:DEBUG:findfont: score(<Font 'Georgia' (Georgia_Italic.ttf) italic normal 400 normal>) = 11.05
2021-11-14 14:33:34,054:DEBUG:findfont: score(<Font 'Loma' (Loma-Oblique.ttf) oblique normal 400 normal>) = 11.05
2021-11-14 14:33:34,054:DEBUG:findfont: score(<Font 'Times New Roman' (timesbd.ttf) normal normal 700 normal>) = 10.335
2021-11-14 14:33:34,055:DEBUG:findfont: score(<Font 'DejaVu Serif' (DejaVuSerifCondensed-BoldItalic.ttf) italic normal 700 condensed>) = 11.535
2021-11-14 14:33:34,055:DEBUG:findfont: score(<Font 'STIXIntegralsUp' (STIXIntegralsUp-Bold.otf) normal normal 700 normal>) = 10.335
2021-11-14 14:33:34,055:DEBUG:findfont: score(<Font 'Ubuntu Mono' (UbuntuMono-B.ttf) normal normal 700 normal>) = 10.335
2021-11-14 14:33:34,055:DEBUG:findfont: score(<Font 'Bitstream Vera Sans' (Vera.ttf) normal normal 400 normal>) = 0.9590909090909092
2021-11-14 14:33:34,055:DEBUG:findfont: score(<Font 'Comic Sans MS' (comicbd.ttf) normal normal 700 normal>) = 10.335
2021-11-14 14:33:34,055:DEBUG:findfont: score(<Font 'STIXSizeOneSym' (STIXSizeOneSym-Regular.otf) normal normal 400 normal>) = 10.05
2021-11-14 14:33:34,055:DEBUG:findfont: score(<Font 'Purisa' (Purisa.ttf) normal normal 400 normal>) = 10.05
2021-11-14 14:33:34,055:DEBUG:findfont: score(<Font 'Liberation Sans Narrow' (LiberationSansNarrow-Bold.ttf) normal normal 700 condensed>) = 10.535
2021-11-14 14:33:34,055:DEBUG:findfont: score(<Font 'FreeSans' (FreeSansBoldOblique.ttf) oblique normal 600 normal>) = 11.24
2021-11-14 14:33:34,055:DEBUG:findfont: score(<Font 'Courier New' (courbd.ttf) normal normal 700 normal>) = 10.335
2021-11-14 14:33:34,055:DEBUG:findfont: score(<Font 'STIX Math' (STIXMath-Regular.otf) normal normal 400 normal>) = 10.05
2021-11-14 14:33:34,055:DEBUG:findfont: score(<Font 'Liberation Mono' (LiberationMono-Italic.ttf) italic normal 400 normal>) = 11.05
2021-11-14 14:33:34,055:DEBUG:findfont: score(<Font 'Waree' (Waree.ttf) normal normal 400 normal>) = 10.05
2021-11-14 14:33:34,055:DEBUG:findfont: score(<Font 'STIXIntegralsD' (STIXIntegralsD-Bold.otf) normal normal 700 normal>) = 10.335
2021-11-14 14:33:34,055:DEBUG:findfont: score(<Font 'Liberation Sans Narrow' (LiberationSansNarrow-Regular.ttf) normal normal 400 condensed>) = 10.25
2021-11-14 14:33:34,055:DEBUG:findfont: score(<Font 'KacstTitleL' (KacstTitleL.ttf) normal normal 400 normal>) = 10.05
2021-11-14 14:33:34,055:DEBUG:findfont: score(<Font 'KacstOffice' (KacstOffice.ttf) normal normal 500 normal>) = 10.145
2021-11-14 14:33:34,055:DEBUG:findfont: score(<Font 'STIXSizeTwoSym' (STIXSizeTwoSym-Bold.otf) normal normal 700 normal>) = 10.335
2021-11-14 14:33:34,055:DEBUG:findfont: score(<Font 'NanumBarunGothic' (NanumBarunGothicBold.ttf) normal normal 600 normal>) = 10.24
2021-11-14 14:33:34,055:DEBUG:findfont: score(<Font 'DejaVu Serif' (DejaVuSerifCondensed-Italic.ttf) italic normal 400 condensed>) = 11.25
2021-11-14 14:33:34,055:DEBUG:findfont: score(<Font 'Ubuntu Condensed' (Ubuntu-C.ttf) normal normal 400 condensed>) = 10.25
2021-11-14 14:33:34,055:DEBUG:findfont: score(<Font 'Tlwg Typo' (TlwgTypo-Bold.ttf) normal normal 700 normal>) = 10.335
2021-11-14 14:33:34,055:DEBUG:findfont: score(<Font 'Georgia' (georgiaz.ttf) italic normal 700 normal>) = 11.335
2021-11-14 14:33:34,055:DEBUG:findfont: score(<Font 'Purisa' (Purisa-BoldOblique.ttf) oblique normal 700 normal>) = 11.335
2021-11-14 14:33:34,055:DEBUG:findfont: score(<Font 'Umpush' (Umpush-LightOblique.ttf) oblique normal 300 normal>) = 11.145
2021-11-14 14:33:34,055:DEBUG:findfont: score(<Font 'Ubuntu' (Ubuntu-BI.ttf) italic normal 700 normal>) = 11.335
2021-11-14 14:33:34,055:DEBUG:findfont: score(<Font 'Ubuntu Mono' (UbuntuMono-RI.ttf) italic normal 400 normal>) = 11.05
2021-11-14 14:33:34,055:DEBUG:findfont: score(<Font 'Abyssinica SIL' (AbyssinicaSIL-R.ttf) normal normal 400 normal>) = 10.05
2021-11-14 14:33:34,055:DEBUG:findfont: score(<Font 'Ume UI Gothic' (ume-ugo4.ttf) normal normal 400 normal>) = 10.05
2021-11-14 14:33:34,056:DEBUG:findfont: score(<Font 'DejaVu Sans' (DejaVuSansCondensed.ttf) normal normal 400 condensed>) = 0.25
2021-11-14 14:33:34,056:DEBUG:findfont: score(<Font 'Ume Gothic S5' (ume-tgs5.ttf) normal normal 400 normal>) = 10.05
2021-11-14 14:33:34,056:DEBUG:findfont: score(<Font 'Symbola' (Symbola_hint.ttf) normal normal 400 normal>) = 10.05
2021-11-14 14:33:34,056:DEBUG:findfont: score(<Font 'Ubuntu' (Ubuntu-R.ttf) normal normal 400 normal>) = 10.05
2021-11-14 14:33:34,056:DEBUG:findfont: score(<Font 'Trebuchet MS' (Trebuchet_MS_Italic.ttf) italic normal 400 normal>) = 11.05
2021-11-14 14:33:34,056:DEBUG:findfont: score(<Font 'Garuda' (Garuda-Oblique.ttf) oblique normal 400 normal>) = 11.05
2021-11-14 14:33:34,056:DEBUG:findfont: score(<Font 'UnPilgi' (UnPilgi.ttf) normal normal 400 normal>) = 10.05
2021-11-14 14:33:34,056:DEBUG:findfont: score(<Font 'Noto Sans CJK JP' (NotoSansCJK-Regular.ttc) normal normal 400 normal>) = 10.05
2021-11-14 14:33:34,056:DEBUG:findfont: score(<Font 'NanumMyeongjo' (NanumMyeongjoBold.ttf) normal normal 600 normal>) = 10.24
2021-11-14 14:33:34,056:DEBUG:findfont: score(<Font 'Droid Sans Fallback' (DroidSansFallbackFull.ttf) normal normal 400 normal>) = 10.05
2021-11-14 14:33:34,056:DEBUG:findfont: score(<Font 'STIX' (STIX-Italic.otf) italic normal 400 normal>) = 11.05
2021-11-14 14:33:34,056:DEBUG:findfont: score(<Font 'AR PL UMing CN' (uming.ttc) normal normal 300 normal>) = 10.145
2021-11-14 14:33:34,056:DEBUG:findfont: score(<Font 'STIXSizeThreeSym' (STIXSizeThreeSym-Regular.otf) normal normal 400 normal>) = 10.05
2021-11-14 14:33:34,056:DEBUG:findfont: score(<Font 'STIXGeneral' (STIXGeneral-Italic.otf) italic normal 400 normal>) = 11.05
2021-11-14 14:33:34,056:DEBUG:findfont: score(<Font 'Arial Black' (Arial_Black.ttf) normal normal 400 normal>) = 10.05
2021-11-14 14:33:34,056:DEBUG:findfont: score(<Font 'Trebuchet MS' (Trebuchet_MS.ttf) normal normal 400 normal>) = 10.05
2021-11-14 14:33:34,056:DEBUG:findfont: score(<Font 'FreeSerif' (FreeSerifItalic.ttf) italic normal 400 normal>) = 11.05
2021-11-14 14:33:34,056:DEBUG:findfont: score(<Font 'KacstArt' (KacstArt.ttf) normal normal 500 normal>) = 10.145
2021-11-14 14:33:34,056:DEBUG:findfont: score(<Font 'Noto Sans CJK JP' (NotoSansCJK-Medium.ttc) normal normal 500 normal>) = 10.145
2021-11-14 14:33:34,056:DEBUG:findfont: score(<Font 'FreeSerif' (FreeSerifBold.ttf) normal normal 700 normal>) = 10.335
2021-11-14 14:33:34,056:DEBUG:findfont: score(<Font 'LKLUG' (lklug.ttf) normal normal 400 normal>) = 10.05
2021-11-14 14:33:34,056:DEBUG:findfont: score(<Font 'Norasi' (Norasi-Oblique.ttf) oblique normal 400 normal>) = 11.05
2021-11-14 14:33:34,056:DEBUG:findfont: score(<Font 'Kinnari' (Kinnari-Oblique.ttf) oblique normal 500 normal>) = 11.145
2021-11-14 14:33:34,056:DEBUG:findfont: score(<Font 'msbm10' (msbm10.ttf) normal normal 400 normal>) = 10.05
2021-11-14 14:33:34,056:DEBUG:findfont: score(<Font 'eufm10' (eufm10.ttf) normal normal 400 normal>) = 10.05
2021-11-14 14:33:34,056:DEBUG:findfont: score(<Font 'Liberation Sans' (LiberationSans-Regular.ttf) normal normal 400 normal>) = 10.05
2021-11-14 14:33:34,056:DEBUG:findfont: score(<Font 'DejaVu Serif' (DejaVuSerifCondensed-Bold.ttf) normal normal 700 condensed>) = 10.535
2021-11-14 14:33:34,056:DEBUG:findfont: score(<Font 'STIXIntegralsUpD' (STIXIntegralsUpD-Regular.otf) normal normal 400 normal>) = 10.05
2021-11-14 14:33:34,056:DEBUG:findfont: score(<Font 'Ume Gothic' (ume-tgo4.ttf) normal normal 400 normal>) = 10.05
2021-11-14 14:33:34,057:DEBUG:findfont: score(<Font 'Liberation Sans' (LiberationSans-BoldItalic.ttf) italic normal 700 normal>) = 11.335
2021-11-14 14:33:34,057:DEBUG:findfont: score(<Font 'Liberation Sans Narrow' (LiberationSansNarrow-Italic.ttf) italic normal 400 condensed>) = 11.25
2021-11-14 14:33:34,057:DEBUG:findfont: score(<Font 'Norasi' (Norasi-Italic.ttf) italic normal 400 normal>) = 11.05
2021-11-14 14:33:34,057:DEBUG:findfont: score(<Font 'Georgia' (Georgia_Bold_Italic.ttf) italic normal 700 normal>) = 11.335
2021-11-14 14:33:34,057:DEBUG:findfont: score(<Font 'DejaVu Serif' (DejaVuSerifCondensed.ttf) normal normal 400 condensed>) = 10.25
2021-11-14 14:33:34,057:DEBUG:findfont: score(<Font 'Verdana' (verdanab.ttf) normal normal 700 normal>) = 3.9713636363636367
2021-11-14 14:33:34,057:DEBUG:findfont: score(<Font 'Webdings' (webdings.ttf) normal normal 400 normal>) = 10.05
2021-11-14 14:33:34,057:DEBUG:findfont: score(<Font 'STIXNonUnicode' (STIXNonUnicode-Regular.otf) normal normal 400 normal>) = 10.05
2021-11-14 14:33:34,057:DEBUG:findfont: score(<Font 'TakaoPGothic' (fonts-japanese-gothic.ttf) normal normal 400 normal>) = 10.05
2021-11-14 14:33:34,057:DEBUG:findfont: score(<Font 'Sawasdee' (Sawasdee.ttf) normal normal 400 normal>) = 10.05
2021-11-14 14:33:34,057:DEBUG:findfont: score(<Font 'Liberation Serif' (LiberationSerif-Italic.ttf) italic normal 400 normal>) = 11.05
2021-11-14 14:33:34,057:DEBUG:findfont: score(<Font 'STIXIntegralsUpD' (STIXIntegralsUpD-Bold.otf) normal normal 700 normal>) = 10.335
2021-11-14 14:33:34,057:DEBUG:findfont: score(<Font 'KacstDecorative' (KacstDecorative.ttf) normal normal 500 normal>) = 10.145
2021-11-14 14:33:34,057:DEBUG:findfont: score(<Font 'Norasi' (Norasi-Bold.ttf) normal normal 700 normal>) = 10.335
2021-11-14 14:33:34,057:DEBUG:findfont: score(<Font 'Bitstream Vera Sans Mono' (VeraMoBI.ttf) oblique normal 700 normal>) = 11.335
2021-11-14 14:33:34,057:DEBUG:findfont: score(<Font 'Georgia' (georgiai.ttf) italic normal 400 normal>) = 11.05
2021-11-14 14:33:34,057:DEBUG:findfont: score(<Font 'STIXIntegralsSm' (STIXIntegralsSm-Bold.otf) normal normal 700 normal>) = 10.335
2021-11-14 14:33:34,057:DEBUG:findfont: score(<Font 'Tlwg Typo' (TlwgTypo.ttf) normal normal 500 normal>) = 10.145
2021-11-14 14:33:34,057:DEBUG:findfont: score(<Font 'STIXNonUnicode' (STIXNonUnicode-Italic.otf) italic normal 400 normal>) = 11.05
2021-11-14 14:33:34,057:DEBUG:findfont: score(<Font 'Norasi' (Norasi.ttf) normal normal 400 normal>) = 10.05
2021-11-14 14:33:34,057:DEBUG:findfont: score(<Font 'KacstPen' (KacstPen.ttf) normal normal 500 normal>) = 10.145
2021-11-14 14:33:34,057:DEBUG:findfont: score(<Font 'Tlwg Typist' (TlwgTypist-BoldOblique.ttf) oblique normal 700 normal>) = 11.335
2021-11-14 14:33:34,057:DEBUG:findfont: score(<Font 'Ume P Mincho' (ume-pmo3.ttf) normal normal 400 normal>) = 10.05
2021-11-14 14:33:34,057:DEBUG:findfont: score(<Font 'Sawasdee' (Sawasdee-Oblique.ttf) oblique normal 400 normal>) = 11.05
2021-11-14 14:33:34,057:DEBUG:findfont: score(<Font 'KacstDigital' (KacstDigital.ttf) normal normal 500 normal>) = 10.145
2021-11-14 14:33:34,057:DEBUG:findfont: score(<Font 'Tlwg Typist' (TlwgTypist-Oblique.ttf) oblique normal 500 normal>) = 11.145
2021-11-14 14:33:34,057:DEBUG:findfont: score(<Font 'Tibetan Machine Uni' (TibetanMachineUni.ttf) normal normal 400 normal>) = 10.05
2021-11-14 14:33:34,057:DEBUG:findfont: score(<Font 'STIX' (STIX-Regular.otf) normal normal 400 normal>) = 10.05
2021-11-14 14:33:34,057:DEBUG:findfont: score(<Font 'Bitstream Vera Sans' (VeraIt.ttf) oblique normal 400 normal>) = 1.9590909090909092
2021-11-14 14:33:34,058:DEBUG:findfont: score(<Font 'Tlwg Typewriter' (TlwgTypewriter-Bold.ttf) normal normal 700 normal>) = 10.335
2021-11-14 14:33:34,058:DEBUG:findfont: score(<Font 'Arial' (arialbd.ttf) normal normal 700 normal>) = 6.698636363636363
2021-11-14 14:33:34,058:DEBUG:findfont: score(<Font 'Tlwg Typo' (TlwgTypo-BoldOblique.ttf) oblique normal 700 normal>) = 11.335
2021-11-14 14:33:34,058:DEBUG:findfont: score(<Font 'Saab' (Saab.ttf) normal normal 400 normal>) = 10.05
2021-11-14 14:33:34,058:DEBUG:findfont: score(<Font 'Purisa' (Purisa-Bold.ttf) normal normal 700 normal>) = 10.335
2021-11-14 14:33:34,058:DEBUG:findfont: score(<Font 'KacstTitle' (KacstTitle.ttf) normal normal 500 normal>) = 10.145
2021-11-14 14:33:34,058:DEBUG:findfont: score(<Font 'Georgia' (georgia.ttf) normal normal 400 normal>) = 10.05
2021-11-14 14:33:34,058:DEBUG:findfont: score(<Font 'Waree' (Waree-Oblique.ttf) oblique normal 400 normal>) = 11.05
2021-11-14 14:33:34,058:DEBUG:findfont: score(<Font 'Lohit Punjabi' (Lohit-Punjabi.ttf) normal normal 400 normal>) = 10.05
2021-11-14 14:33:34,058:DEBUG:findfont: score(<Font 'Noto Mono' (NotoMono-Regular.ttf) normal normal 400 normal>) = 10.05
2021-11-14 14:33:34,058:DEBUG:findfont: score(<Font 'Tlwg Mono' (TlwgMono-Bold.ttf) normal normal 700 normal>) = 10.335
2021-11-14 14:33:34,058:DEBUG:findfont: score(<Font 'Garuda' (Garuda-BoldOblique.ttf) oblique normal 700 normal>) = 11.335
2021-11-14 14:33:34,058:DEBUG:findfont: score(<Font 'UnDinaru' (UnDinaruLight.ttf) normal normal 300 normal>) = 10.145
2021-11-14 14:33:34,058:DEBUG:findfont: score(<Font 'Liberation Serif' (LiberationSerif-Bold.ttf) normal normal 700 normal>) = 10.335
2021-11-14 14:33:34,058:DEBUG:findfont: score(<Font 'Ubuntu' (Ubuntu-MI.ttf) italic normal 500 normal>) = 11.145
2021-11-14 14:33:34,058:DEBUG:findfont: score(<Font 'Umpush' (Umpush-BoldOblique.ttf) oblique normal 700 normal>) = 11.335
2021-11-14 14:33:34,058:DEBUG:findfont: score(<Font 'FreeSans' (FreeSans.ttf) normal normal 400 normal>) = 10.05
2021-11-14 14:33:34,058:DEBUG:findfont: score(<Font 'Arial' (Arial_Bold_Italic.ttf) italic normal 700 normal>) = 7.698636363636363
2021-11-14 14:33:34,058:DEBUG:findfont: score(<Font 'Tlwg Mono' (TlwgMono-BoldOblique.ttf) oblique normal 700 normal>) = 11.335
2021-11-14 14:33:34,058:DEBUG:findfont: score(<Font 'Webdings' (Webdings.ttf) normal normal 400 normal>) = 10.05
2021-11-14 14:33:34,058:DEBUG:findfont: score(<Font 'DejaVu Serif' (DejaVuSerif-Bold.ttf) normal normal 700 normal>) = 10.335
2021-11-14 14:33:34,058:DEBUG:findfont: score(<Font 'Bitstream Vera Sans' (VeraBI.ttf) oblique normal 700 normal>) = 2.244090909090909
2021-11-14 14:33:34,058:DEBUG:findfont: score(<Font 'Ubuntu' (Ubuntu-RI.ttf) italic normal 400 normal>) = 11.05
2021-11-14 14:33:34,058:DEBUG:findfont: score(<Font 'Garuda' (Garuda-Bold.ttf) normal normal 700 normal>) = 10.335
2021-11-14 14:33:34,058:DEBUG:findfont: score(<Font 'UnDinaru' (UnDinaruBold.ttf) normal normal 700 normal>) = 10.335
2021-11-14 14:33:34,058:DEBUG:findfont: score(<Font 'Trebuchet MS' (trebuc.ttf) normal normal 400 normal>) = 10.05
2021-11-14 14:33:34,058:DEBUG:findfont: score(<Font 'Ume Gothic S4' (ume-tgs4.ttf) normal normal 400 normal>) = 10.05
2021-11-14 14:33:34,058:DEBUG:findfont: score(<Font 'Ume Mincho S3' (ume-tms3.ttf) normal normal 400 normal>) = 10.05
2021-11-14 14:33:34,058:DEBUG:findfont: score(<Font 'Ume UI Gothic O5' (ume-ugo5.ttf) normal normal 400 normal>) = 10.05
2021-11-14 14:33:34,059:DEBUG:findfont: score(<Font 'Tlwg Typist' (TlwgTypist-Bold.ttf) normal normal 700 normal>) = 10.335
2021-11-14 14:33:34,059:DEBUG:findfont: score(<Font 'Ubuntu' (Ubuntu-L.ttf) normal normal 300 normal>) = 10.145
2021-11-14 14:33:34,059:DEBUG:findfont: score(<Font 'UnDotum' (UnDotum.ttf) normal normal 400 normal>) = 10.05
2021-11-14 14:33:34,059:DEBUG:findfont: score(<Font 'Tlwg Mono' (TlwgMono.ttf) normal normal 500 normal>) = 10.145
2021-11-14 14:33:34,059:DEBUG:findfont: score(<Font 'DejaVu Sans Mono' (DejaVuSansMono-BoldOblique.ttf) oblique normal 700 normal>) = 11.335
2021-11-14 14:33:34,059:DEBUG:findfont: score(<Font 'KacstNaskh' (KacstNaskh.ttf) normal normal 500 normal>) = 10.145
2021-11-14 14:33:34,059:DEBUG:findfont: score(<Font 'STIXIntegralsSm' (STIXIntegralsSm-Regular.otf) normal normal 400 normal>) = 10.05
2021-11-14 14:33:34,059:DEBUG:findfont: score(<Font 'Umpush' (Umpush.ttf) normal normal 400 normal>) = 10.05
2021-11-14 14:33:34,059:DEBUG:findfont: score(<Font 'STIX' (STIX-BoldItalic.otf) italic normal 700 normal>) = 11.335
2021-11-14 14:33:34,059:DEBUG:findfont: score(<Font 'Arial' (arialbi.ttf) italic normal 700 normal>) = 7.698636363636363
2021-11-14 14:33:34,059:DEBUG:findfont: score(<Font 'NanumMyeongjo' (NanumMyeongjo.ttf) normal normal 400 normal>) = 10.05
2021-11-14 14:33:34,059:DEBUG:findfont: score(<Font 'Andale Mono' (Andale_Mono.ttf) normal normal 400 normal>) = 10.05
2021-11-14 14:33:34,059:DEBUG:findfont: score(<Font 'Ume Gothic O5' (ume-tgo5.ttf) normal normal 400 normal>) = 10.05
2021-11-14 14:33:34,059:DEBUG:findfont: score(<Font 'Noto Sans CJK JP' (NotoSansCJK-DemiLight.ttc) normal normal 350 normal>) = 10.0975
2021-11-14 14:33:34,059:DEBUG:findfont: score(<Font 'Noto Sans CJK JP' (NotoSansCJK-Light.ttc) normal normal 300 normal>) = 10.145
2021-11-14 14:33:34,059:DEBUG:findfont: score(<Font 'Ume P Gothic' (ume-pgo4.ttf) normal normal 400 normal>) = 10.05
2021-11-14 14:33:34,059:DEBUG:findfont: score(<Font 'STIXIntegralsD' (STIXIntegralsD-Regular.otf) normal normal 400 normal>) = 10.05
2021-11-14 14:33:34,059:DEBUG:findfont: score(<Font 'Tlwg Typewriter' (TlwgTypewriter-Oblique.ttf) oblique normal 400 normal>) = 11.05
2021-11-14 14:33:34,059:DEBUG:findfont: score(<Font 'Verdana' (Verdana_Italic.ttf) italic normal 400 normal>) = 4.6863636363636365
2021-11-14 14:33:34,059:DEBUG:findfont: score(<Font 'wasy10' (wasy10.ttf) normal normal 400 normal>) = 10.05
2021-11-14 14:33:34,059:DEBUG:findfont: score(<Font 'stmary10' (stmary10.ttf) normal normal 400 normal>) = 10.05
2021-11-14 14:33:34,059:DEBUG:findfont: score(<Font 'Trebuchet MS' (Trebuchet_MS_Bold_Italic.ttf) italic normal 700 normal>) = 11.335
2021-11-14 14:33:34,059:DEBUG:findfont: score(<Font 'Times New Roman' (Times_New_Roman_Italic.ttf) italic normal 400 normal>) = 11.05
2021-11-14 14:33:34,059:DEBUG:findfont: score(<Font 'esint10' (esint10.ttf) normal normal 400 normal>) = 10.05
2021-11-14 14:33:34,059:DEBUG:findfont: score(<Font 'Trebuchet MS' (Trebuchet_MS_Bold.ttf) normal normal 700 normal>) = 10.335
2021-11-14 14:33:34,059:DEBUG:findfont: score(<Font 'Ume Gothic C5' (ume-tgc5.ttf) normal normal 400 normal>) = 10.05
2021-11-14 14:33:34,059:DEBUG:findfont: score(<Font 'STIXNonUnicode' (STIXNonUnicode-BoldItalic.otf) italic normal 700 normal>) = 11.335
2021-11-14 14:33:34,059:DEBUG:findfont: score(<Font 'NanumGothic' (NanumGothicBold.ttf) normal normal 600 normal>) = 10.24
2021-11-14 14:33:34,059:DEBUG:findfont: score(<Font 'Comic Sans MS' (Comic_Sans_MS_Bold.ttf) normal normal 700 normal>) = 10.335
2021-11-14 14:33:34,060:DEBUG:findfont: score(<Font 'WenQuanYi Micro Hei' (wqy-microhei.ttc) normal normal 400 normal>) = 10.05
2021-11-14 14:33:34,060:DEBUG:findfont: score(<Font 'KacstScreen' (KacstScreen.ttf) normal normal 500 normal>) = 10.145
2021-11-14 14:33:34,060:DEBUG:findfont: score(<Font 'Laksaman' (Laksaman-Bold.ttf) normal normal 700 normal>) = 10.335
2021-11-14 14:33:34,060:DEBUG:findfont: score(<Font 'TakaoPGothic' (TakaoPGothic.ttf) normal normal 400 normal>) = 10.05
2021-11-14 14:33:34,060:DEBUG:findfont: score(<Font 'UnBatang' (UnBatang.ttf) normal normal 400 normal>) = 10.05
2021-11-14 14:33:34,060:DEBUG:findfont: score(<Font 'Courier New' (Courier_New_Italic.ttf) italic normal 400 normal>) = 11.05
2021-11-14 14:33:34,060:DEBUG:findfont: score(<Font 'Arial' (Arial_Bold.ttf) normal normal 700 normal>) = 6.698636363636363
2021-11-14 14:33:34,060:DEBUG:findfont: score(<Font 'FreeMono' (FreeMonoBold.ttf) normal normal 700 normal>) = 10.335
2021-11-14 14:33:34,060:DEBUG:findfont: score(<Font 'Laksaman' (Laksaman.ttf) normal normal 400 normal>) = 10.05
2021-11-14 14:33:34,060:DEBUG:findfont: score(<Font 'Bitstream Vera Sans Mono' (VeraMoIt.ttf) oblique normal 400 normal>) = 11.05
2021-11-14 14:33:34,060:DEBUG:findfont: score(<Font 'cmex10' (cmex10.ttf) normal normal 400 normal>) = 10.05
2021-11-14 14:33:34,060:DEBUG:findfont: score(<Font 'Purisa' (Purisa-Oblique.ttf) oblique normal 400 normal>) = 11.05
2021-11-14 14:33:34,060:DEBUG:findfont: score(<Font 'DejaVu Serif' (DejaVuSerif-Italic.ttf) italic normal 400 normal>) = 11.05
2021-11-14 14:33:34,060:DEBUG:findfont: score(<Font 'Andale Mono' (andalemo.ttf) normal normal 400 normal>) = 10.05
2021-11-14 14:33:34,060:DEBUG:findfont: score(<Font 'Tlwg Typewriter' (TlwgTypewriter-BoldOblique.ttf) oblique normal 700 normal>) = 11.335
2021-11-14 14:33:34,060:DEBUG:findfont: score(<Font 'Liberation Mono' (LiberationMono-Bold.ttf) normal normal 700 normal>) = 10.335
2021-11-14 14:33:34,060:DEBUG:findfont: score(<Font 'KacstQurn' (KacstQurn.ttf) normal normal 400 normal>) = 10.05
2021-11-14 14:33:34,060:DEBUG:findfont: score(<Font 'Courier New' (couri.ttf) italic normal 400 normal>) = 11.05
2021-11-14 14:33:34,060:DEBUG:findfont: score(<Font 'Umpush' (Umpush-Oblique.ttf) oblique normal 400 normal>) = 11.05
2021-11-14 14:33:34,060:DEBUG:findfont: score(<Font 'STIXIntegralsUpSm' (STIXIntegralsUpSm-Regular.otf) normal normal 400 normal>) = 10.05
2021-11-14 14:33:34,060:DEBUG:findfont: score(<Font 'Kinnari' (Kinnari-BoldItalic.ttf) italic normal 700 normal>) = 11.335
2021-11-14 14:33:34,060:DEBUG:findfont: score(<Font 'Ubuntu' (Ubuntu-LI.ttf) italic normal 300 normal>) = 11.145
2021-11-14 14:33:34,060:DEBUG:findfont: score(<Font 'DejaVu Sans Mono' (DejaVuSansMono-Oblique.ttf) oblique normal 400 normal>) = 11.05
2021-11-14 14:33:34,060:DEBUG:findfont: score(<Font 'Kinnari' (Kinnari-Bold.ttf) normal normal 700 normal>) = 10.335
2021-11-14 14:33:34,060:DEBUG:findfont: score(<Font 'NanumGothic' (NanumGothic.ttf) normal normal 400 normal>) = 10.05
2021-11-14 14:33:34,060:DEBUG:findfont: score(<Font 'KacstPoster' (KacstPoster.ttf) normal normal 500 normal>) = 10.145
2021-11-14 14:33:34,060:DEBUG:findfont: score(<Font 'UnDotum' (UnDotumBold.ttf) normal normal 700 normal>) = 10.335
2021-11-14 14:33:34,060:DEBUG:findfont: score(<Font 'Ume P Gothic S5' (ume-pgs5.ttf) normal normal 400 normal>) = 10.05
2021-11-14 14:33:34,060:DEBUG:findfont: score(<Font 'Kinnari' (Kinnari-BoldOblique.ttf) oblique normal 700 normal>) = 11.335
2021-11-14 14:33:34,061:DEBUG:findfont: score(<Font 'Umpush' (Umpush-Bold.ttf) normal normal 700 normal>) = 10.335
2021-11-14 14:33:34,061:DEBUG:findfont: score(<Font 'DejaVu Sans' (DejaVuSans-BoldOblique.ttf) oblique normal 700 normal>) = 1.335
2021-11-14 14:33:34,061:DEBUG:findfont: score(<Font 'DejaVu Sans' (DejaVuSans.ttf) normal normal 400 normal>) = 0.05
2021-11-14 14:33:34,061:DEBUG:findfont: score(<Font 'NanumBarunGothic' (NanumBarunGothic.ttf) normal normal 400 normal>) = 10.05
2021-11-14 14:33:34,061:DEBUG:findfont: score(<Font 'Arial' (Arial_Italic.ttf) italic normal 400 normal>) = 7.413636363636363
2021-11-14 14:33:34,061:DEBUG:findfont: score(<Font 'DejaVu Sans' (DejaVuSansCondensed-BoldOblique.ttf) oblique normal 700 condensed>) = 1.535
2021-11-14 14:33:34,061:DEBUG:findfont: score(<Font 'AR PL UKai CN' (ukai.ttc) normal normal 400 normal>) = 10.05
2021-11-14 14:33:34,061:DEBUG:findfont: score(<Font 'STIXGeneral' (STIXGeneral-BoldItalic.otf) italic normal 700 normal>) = 11.335
2021-11-14 14:33:34,061:DEBUG:findfont: score(<Font 'FreeMono' (FreeMono.ttf) normal normal 400 normal>) = 10.05
2021-11-14 14:33:34,061:DEBUG:findfont: score(<Font 'Ume P Mincho S3' (ume-pms3.ttf) normal normal 400 normal>) = 10.05
2021-11-14 14:33:34,061:DEBUG:findfont: score(<Font 'Comic Sans MS' (comic.ttf) normal normal 400 normal>) = 10.05
2021-11-14 14:33:34,061:DEBUG:findfont: score(<Font 'STIXNonUnicode' (STIXNonUnicode-Bold.otf) normal normal 700 normal>) = 10.335
2021-11-14 14:33:34,061:DEBUG:findfont: score(<Font 'STIXSizeFourSym' (STIXSizeFourSym-Regular.otf) normal normal 400 normal>) = 10.05
2021-11-14 14:33:34,061:DEBUG:findfont: score(<Font 'Norasi' (Norasi-BoldItalic.ttf) italic normal 700 normal>) = 11.335
2021-11-14 14:33:34,061:DEBUG:findfont: score(<Font 'Verdana' (Verdana_Bold.ttf) normal normal 700 normal>) = 3.9713636363636367
2021-11-14 14:33:34,061:DEBUG:findfont: score(<Font 'Kinnari' (Kinnari-Italic.ttf) italic normal 500 normal>) = 11.145
2021-11-14 14:33:34,061:DEBUG:findfont: score(<Font 'UnPilgi' (UnPilgiBold.ttf) normal normal 700 normal>) = 10.335
2021-11-14 14:33:34,061:DEBUG:findfont: score(<Font 'Bitstream Vera Serif' (VeraSe.ttf) normal normal 400 normal>) = 10.05
2021-11-14 14:33:34,061:DEBUG:findfont: score(<Font 'Georgia' (Georgia.ttf) normal normal 400 normal>) = 10.05
2021-11-14 14:33:34,061:DEBUG:findfont: score(<Font 'DejaVu Sans' (DejaVuSansCondensed-Bold.ttf) normal normal 700 condensed>) = 0.5349999999999999
2021-11-14 14:33:34,061:DEBUG:findfont: score(<Font 'Verdana' (verdanai.ttf) italic normal 400 normal>) = 4.6863636363636365
2021-11-14 14:33:34,061:DEBUG:findfont: score(<Font 'Loma' (Loma-Bold.ttf) normal normal 700 normal>) = 10.335
2021-11-14 14:33:34,061:DEBUG:findfont: score(<Font 'Georgia' (georgiab.ttf) normal normal 700 normal>) = 10.335
2021-11-14 14:33:34,061:DEBUG:findfont: score(<Font 'Times New Roman' (Times_New_Roman_Bold.ttf) normal normal 700 normal>) = 10.335
2021-11-14 14:33:34,061:DEBUG:findfont: score(<Font 'Khmer OS System' (KhmerOSsys.ttf) normal normal 400 normal>) = 10.05
2021-11-14 14:33:34,061:DEBUG:findfont: score(<Font 'STIXVariants' (STIXVariants-Regular.otf) normal normal 400 normal>) = 10.05
2021-11-14 14:33:34,061:DEBUG:findfont: score(<Font 'FreeSerif' (FreeSerif.ttf) normal normal 400 normal>) = 10.05
2021-11-14 14:33:34,061:DEBUG:findfont: score(<Font 'DejaVu Sans' (DejaVuSansCondensed-Oblique.ttf) oblique normal 400 condensed>) = 1.25
2021-11-14 14:33:34,062:DEBUG:findfont: score(<Font 'Arial Black' (ariblk.ttf) normal normal 400 normal>) = 10.05
2021-11-14 14:33:34,062:DEBUG:findfont: score(<Font 'STIXIntegralsUp' (STIXIntegralsUp-Regular.otf) normal normal 400 normal>) = 10.05
2021-11-14 14:33:34,062:DEBUG:findfont: score(<Font 'Liberation Sans' (LiberationSans-Bold.ttf) normal normal 700 normal>) = 10.335
2021-11-14 14:33:34,062:DEBUG:findfont: score(<Font 'Comic Sans MS' (Comic_Sans_MS.ttf) normal normal 400 normal>) = 10.05
2021-11-14 14:33:34,062:DEBUG:findfont: score(<Font 'Tlwg Typist' (TlwgTypist.ttf) normal normal 500 normal>) = 10.145
2021-11-14 14:33:34,062:DEBUG:findfont: score(<Font 'Ume P Gothic C5' (ume-pgc5.ttf) normal normal 400 normal>) = 10.05
2021-11-14 14:33:34,062:DEBUG:findfont: score(<Font 'Liberation Sans Narrow' (LiberationSansNarrow-BoldItalic.ttf) italic normal 700 condensed>) = 11.535
2021-11-14 14:33:34,062:DEBUG:findfont: score(<Font 'Impact' (Impact.ttf) normal normal 400 normal>) = 10.05
2021-11-14 14:33:34,062:DEBUG:findfont: score(<Font 'Khmer OS' (KhmerOS.ttf) normal normal 400 normal>) = 10.05
2021-11-14 14:33:34,062:DEBUG:findfont: score(<Font 'STIXGeneral' (STIXGeneral-Bold.otf) normal normal 700 normal>) = 10.335
2021-11-14 14:33:34,062:DEBUG:findfont: score(<Font 'Ume P Gothic O5' (ume-pgo5.ttf) normal normal 400 normal>) = 10.05
2021-11-14 14:33:34,062:DEBUG:findfont: score(<Font 'UnGraphic' (UnGraphic.ttf) normal normal 400 normal>) = 10.05
2021-11-14 14:33:34,062:DEBUG:findfont: score(<Font 'Liberation Serif' (LiberationSerif-Regular.ttf) normal normal 400 normal>) = 10.05
2021-11-14 14:33:34,062:DEBUG:findfont: score(<Font 'Umpush' (Umpush-Light.ttf) normal normal 300 normal>) = 10.145
2021-11-14 14:33:34,062:DEBUG:findfont: score(<Font 'Ubuntu Mono' (UbuntuMono-BI.ttf) italic normal 700 normal>) = 11.335
2021-11-14 14:33:34,062:DEBUG:findfont: score(<Font 'UnGraphic' (UnGraphicBold.ttf) normal normal 700 normal>) = 10.335
2021-11-14 14:33:34,062:DEBUG:findfont: score(<Font 'Verdana' (verdanaz.ttf) italic normal 700 normal>) = 4.971363636363637
2021-11-14 14:33:34,062:DEBUG:findfont: score(<Font 'Ubuntu Mono' (UbuntuMono-R.ttf) normal normal 400 normal>) = 10.05
2021-11-14 14:33:34,062:DEBUG:findfont: score(<Font 'Loma' (Loma-BoldOblique.ttf) oblique normal 700 normal>) = 11.335
2021-11-14 14:33:34,062:DEBUG:findfont: score(<Font 'Padauk Book' (Padauk-bookbold.ttf) normal normal 700 normal>) = 10.335
2021-11-14 14:33:34,062:DEBUG:findfont: Matching sans\-serif:style=normal:variant=normal:weight=normal:stretch=normal:size=10.0 to DejaVu Sans ('/home/yating/anaconda3/envs/py36/lib/python3.6/site-packages/matplotlib/mpl-data/fonts/ttf/DejaVuSans.ttf') with score of 0.050000.
2021-11-14 14:33:34,229:INFO:final test........
2021-11-14 14:33:44,223:DEBUG:findfont: Matching sans\-serif:style=normal:variant=normal:weight=normal:stretch=normal:size=12.0.
2021-11-14 14:33:44,223:DEBUG:findfont: score(<Font 'STIXSizeOneSym' (STIXSizOneSymBol.ttf) normal normal 700 normal>) = 10.335
2021-11-14 14:33:44,223:DEBUG:findfont: score(<Font 'STIXSizeFiveSym' (STIXSizFiveSymReg.ttf) normal normal 400 normal>) = 10.05
2021-11-14 14:33:44,223:DEBUG:findfont: score(<Font 'STIXSizeOneSym' (STIXSizOneSymReg.ttf) normal normal 400 normal>) = 10.05
2021-11-14 14:33:44,223:DEBUG:findfont: score(<Font 'DejaVu Sans' (DejaVuSans.ttf) normal normal 400 normal>) = 0.05
2021-11-14 14:33:44,223:DEBUG:findfont: score(<Font 'STIXNonUnicode' (STIXNonUni.ttf) normal normal 400 normal>) = 10.05
2021-11-14 14:33:44,223:DEBUG:findfont: score(<Font 'DejaVu Sans' (DejaVuSans-BoldOblique.ttf) oblique normal 700 normal>) = 1.335
2021-11-14 14:33:44,223:DEBUG:findfont: score(<Font 'cmmi10' (cmmi10.ttf) normal normal 400 normal>) = 10.05
2021-11-14 14:33:44,223:DEBUG:findfont: score(<Font 'cmb10' (cmb10.ttf) normal normal 400 normal>) = 10.05
2021-11-14 14:33:44,223:DEBUG:findfont: score(<Font 'STIXSizeTwoSym' (STIXSizTwoSymReg.ttf) normal normal 400 normal>) = 10.05
2021-11-14 14:33:44,223:DEBUG:findfont: score(<Font 'DejaVu Sans' (DejaVuSans-Bold.ttf) normal normal 700 normal>) = 0.33499999999999996
2021-11-14 14:33:44,223:DEBUG:findfont: score(<Font 'STIXSizeThreeSym' (STIXSizThreeSymReg.ttf) normal normal 400 normal>) = 10.05
2021-11-14 14:33:44,223:DEBUG:findfont: score(<Font 'DejaVu Serif' (DejaVuSerif-Bold.ttf) normal normal 700 normal>) = 10.335
2021-11-14 14:33:44,223:DEBUG:findfont: score(<Font 'STIXSizeFourSym' (STIXSizFourSymReg.ttf) normal normal 400 normal>) = 10.05
2021-11-14 14:33:44,223:DEBUG:findfont: score(<Font 'DejaVu Sans Mono' (DejaVuSansMono.ttf) normal normal 400 normal>) = 10.05
2021-11-14 14:33:44,223:DEBUG:findfont: score(<Font 'STIXNonUnicode' (STIXNonUniIta.ttf) italic normal 400 normal>) = 11.05
2021-11-14 14:33:44,223:DEBUG:findfont: score(<Font 'cmex10' (cmex10.ttf) normal normal 400 normal>) = 10.05
2021-11-14 14:33:44,223:DEBUG:findfont: score(<Font 'cmss10' (cmss10.ttf) normal normal 400 normal>) = 10.05
2021-11-14 14:33:44,223:DEBUG:findfont: score(<Font 'cmsy10' (cmsy10.ttf) normal normal 400 normal>) = 10.05
2021-11-14 14:33:44,223:DEBUG:findfont: score(<Font 'cmr10' (cmr10.ttf) normal normal 400 normal>) = 10.05
2021-11-14 14:33:44,223:DEBUG:findfont: score(<Font 'DejaVu Serif Display' (DejaVuSerifDisplay.ttf) normal normal 400 normal>) = 10.05
2021-11-14 14:33:44,223:DEBUG:findfont: score(<Font 'DejaVu Sans Mono' (DejaVuSansMono-Oblique.ttf) oblique normal 400 normal>) = 11.05
2021-11-14 14:33:44,223:DEBUG:findfont: score(<Font 'DejaVu Sans' (DejaVuSans-Oblique.ttf) oblique normal 400 normal>) = 1.05
2021-11-14 14:33:44,224:DEBUG:findfont: score(<Font 'DejaVu Sans Mono' (DejaVuSansMono-BoldOblique.ttf) oblique normal 700 normal>) = 11.335
2021-11-14 14:33:44,224:DEBUG:findfont: score(<Font 'STIXSizeFourSym' (STIXSizFourSymBol.ttf) normal normal 700 normal>) = 10.335
2021-11-14 14:33:44,224:DEBUG:findfont: score(<Font 'STIXNonUnicode' (STIXNonUniBolIta.ttf) italic normal 700 normal>) = 11.335
2021-11-14 14:33:44,224:DEBUG:findfont: score(<Font 'STIXGeneral' (STIXGeneralItalic.ttf) italic normal 400 normal>) = 11.05
2021-11-14 14:33:44,224:DEBUG:findfont: score(<Font 'STIXGeneral' (STIXGeneralBol.ttf) normal normal 700 normal>) = 10.335
2021-11-14 14:33:44,224:DEBUG:findfont: score(<Font 'DejaVu Sans Display' (DejaVuSansDisplay.ttf) normal normal 400 normal>) = 10.05
2021-11-14 14:33:44,224:DEBUG:findfont: score(<Font 'DejaVu Serif' (DejaVuSerif-BoldItalic.ttf) italic normal 700 normal>) = 11.335
2021-11-14 14:33:44,224:DEBUG:findfont: score(<Font 'DejaVu Serif' (DejaVuSerif-Italic.ttf) italic normal 400 normal>) = 11.05
2021-11-14 14:33:44,224:DEBUG:findfont: score(<Font 'STIXNonUnicode' (STIXNonUniBol.ttf) normal normal 700 normal>) = 10.335
2021-11-14 14:33:44,224:DEBUG:findfont: score(<Font 'DejaVu Sans Mono' (DejaVuSansMono-Bold.ttf) normal normal 700 normal>) = 10.335
2021-11-14 14:33:44,224:DEBUG:findfont: score(<Font 'DejaVu Serif' (DejaVuSerif.ttf) normal normal 400 normal>) = 10.05
2021-11-14 14:33:44,224:DEBUG:findfont: score(<Font 'STIXSizeThreeSym' (STIXSizThreeSymBol.ttf) normal normal 700 normal>) = 10.335
2021-11-14 14:33:44,224:DEBUG:findfont: score(<Font 'STIXSizeTwoSym' (STIXSizTwoSymBol.ttf) normal normal 700 normal>) = 10.335
2021-11-14 14:33:44,224:DEBUG:findfont: score(<Font 'STIXGeneral' (STIXGeneralBolIta.ttf) italic normal 700 normal>) = 11.335
2021-11-14 14:33:44,224:DEBUG:findfont: score(<Font 'cmtt10' (cmtt10.ttf) normal normal 400 normal>) = 10.05
2021-11-14 14:33:44,224:DEBUG:findfont: score(<Font 'STIXGeneral' (STIXGeneral.ttf) normal normal 400 normal>) = 10.05
2021-11-14 14:33:44,224:DEBUG:findfont: score(<Font 'STIXIntegralsUpSm' (STIXIntegralsUpSm-Bold.otf) normal normal 700 normal>) = 10.335
2021-11-14 14:33:44,224:DEBUG:findfont: score(<Font 'Verdana' (Verdana_Bold_Italic.ttf) italic normal 700 normal>) = 4.971363636363637
2021-11-14 14:33:44,224:DEBUG:findfont: score(<Font 'Arial' (ariali.ttf) italic normal 400 normal>) = 7.413636363636363
2021-11-14 14:33:44,224:DEBUG:findfont: score(<Font 'Trebuchet MS' (trebucbd.ttf) normal normal 700 normal>) = 10.335
2021-11-14 14:33:44,224:DEBUG:findfont: score(<Font 'cmr10' (cmr10.ttf) normal normal 400 normal>) = 10.05
2021-11-14 14:33:44,224:DEBUG:findfont: score(<Font 'STIX' (STIX-Bold.otf) normal normal 700 normal>) = 10.335
2021-11-14 14:33:44,224:DEBUG:findfont: score(<Font 'Liberation Mono' (LiberationMono-BoldItalic.ttf) italic normal 700 normal>) = 11.335
2021-11-14 14:33:44,224:DEBUG:findfont: score(<Font 'FreeSans' (FreeSansBold.ttf) normal normal 600 normal>) = 10.24
2021-11-14 14:33:44,224:DEBUG:findfont: score(<Font 'Courier New' (Courier_New_Bold.ttf) normal normal 700 normal>) = 10.335
2021-11-14 14:33:44,224:DEBUG:findfont: score(<Font 'KacstFarsi' (KacstFarsi.ttf) normal normal 500 normal>) = 10.145
2021-11-14 14:33:44,224:DEBUG:findfont: score(<Font 'STIXSizeThreeSym' (STIXSizeThreeSym-Bold.otf) normal normal 700 normal>) = 10.335
2021-11-14 14:33:44,224:DEBUG:findfont: score(<Font 'Noto Sans CJK JP' (NotoSansCJK-Black.ttc) normal normal 900 normal>) = 10.525
2021-11-14 14:33:44,224:DEBUG:findfont: score(<Font 'DejaVu Sans Mono' (DejaVuSansMono-Bold.ttf) normal normal 700 normal>) = 10.335
2021-11-14 14:33:44,225:DEBUG:findfont: score(<Font 'DejaVu Sans' (DejaVuSans-Bold.ttf) normal normal 700 normal>) = 0.33499999999999996
2021-11-14 14:33:44,225:DEBUG:findfont: score(<Font 'Times New Roman' (times.ttf) normal normal 400 normal>) = 10.05
2021-11-14 14:33:44,225:DEBUG:findfont: score(<Font 'Ume P Gothic C4' (ume-pgc4.ttf) normal normal 400 normal>) = 10.05
2021-11-14 14:33:44,225:DEBUG:findfont: score(<Font 'Loma' (Loma.ttf) normal normal 400 normal>) = 10.05
2021-11-14 14:33:44,225:DEBUG:findfont: score(<Font 'Impact' (impact.ttf) normal normal 400 normal>) = 10.05
2021-11-14 14:33:44,225:DEBUG:findfont: score(<Font 'KacstOne' (KacstOne.ttf) normal normal 400 normal>) = 10.05
2021-11-14 14:33:44,225:DEBUG:findfont: score(<Font 'Liberation Serif' (LiberationSerif-BoldItalic.ttf) italic normal 700 normal>) = 11.335
2021-11-14 14:33:44,225:DEBUG:findfont: score(<Font 'Padauk' (Padauk-bold.ttf) normal normal 700 normal>) = 10.335
2021-11-14 14:33:44,225:DEBUG:findfont: score(<Font 'STIXGeneral' (STIXGeneral-Regular.otf) normal normal 400 normal>) = 10.05
2021-11-14 14:33:44,225:DEBUG:findfont: score(<Font 'DejaVu Sans' (DejaVuSans-ExtraLight.ttf) normal normal 200 normal>) = 0.24
2021-11-14 14:33:44,225:DEBUG:findfont: score(<Font 'STIXSizeTwoSym' (STIXSizeTwoSym-Regular.otf) normal normal 400 normal>) = 10.05
2021-11-14 14:33:44,225:DEBUG:findfont: score(<Font 'UnDinaru' (UnDinaru.ttf) normal normal 400 normal>) = 10.05
2021-11-14 14:33:44,225:DEBUG:findfont: score(<Font 'mry_KacstQurn' (mry_KacstQurn.ttf) normal normal 400 normal>) = 10.05
2021-11-14 14:33:44,225:DEBUG:findfont: score(<Font 'DejaVu Sans' (DejaVuSans-Oblique.ttf) oblique normal 400 normal>) = 1.05
2021-11-14 14:33:44,225:DEBUG:findfont: score(<Font 'KacstLetter' (KacstLetter.ttf) normal normal 500 normal>) = 10.145
2021-11-14 14:33:44,225:DEBUG:findfont: score(<Font 'cmsy10' (cmsy10.ttf) normal normal 400 normal>) = 10.05
2021-11-14 14:33:44,225:DEBUG:findfont: score(<Font 'Georgia' (Georgia_Bold.ttf) normal normal 700 normal>) = 10.335
2021-11-14 14:33:44,225:DEBUG:findfont: score(<Font 'Courier New' (Courier_New_Bold_Italic.ttf) italic normal 700 normal>) = 11.335
2021-11-14 14:33:44,225:DEBUG:findfont: score(<Font 'STIXSizeOneSym' (STIXSizeOneSym-Bold.otf) normal normal 700 normal>) = 10.335
2021-11-14 14:33:44,225:DEBUG:findfont: score(<Font 'STIXSizeFourSym' (STIXSizeFourSym-Bold.otf) normal normal 700 normal>) = 10.335
2021-11-14 14:33:44,225:DEBUG:findfont: score(<Font 'Laksaman' (Laksaman-Italic.ttf) italic normal 400 normal>) = 11.05
2021-11-14 14:33:44,225:DEBUG:findfont: score(<Font 'Trebuchet MS' (trebucbi.ttf) italic normal 700 normal>) = 11.335
2021-11-14 14:33:44,225:DEBUG:findfont: score(<Font 'Tlwg Mono' (TlwgMono-Oblique.ttf) oblique normal 400 normal>) = 11.05
2021-11-14 14:33:44,225:DEBUG:findfont: score(<Font 'Sawasdee' (Sawasdee-BoldOblique.ttf) oblique normal 700 normal>) = 11.335
2021-11-14 14:33:44,225:DEBUG:findfont: score(<Font 'Ume Mincho' (ume-tmo3.ttf) normal normal 400 normal>) = 10.05
2021-11-14 14:33:44,225:DEBUG:findfont: score(<Font 'Ubuntu' (Ubuntu-M.ttf) normal normal 500 normal>) = 10.145
2021-11-14 14:33:44,225:DEBUG:findfont: score(<Font 'Phetsarath OT' (Phetsarath_OT.ttf) normal normal 400 normal>) = 10.05
2021-11-14 14:33:44,225:DEBUG:findfont: score(<Font 'Laksaman' (Laksaman-BoldItalic.ttf) italic normal 700 normal>) = 11.335
2021-11-14 14:33:44,225:DEBUG:findfont: score(<Font 'Liberation Mono' (LiberationMono-Regular.ttf) normal normal 400 normal>) = 10.05
2021-11-14 14:33:44,226:DEBUG:findfont: score(<Font 'DejaVu Sans Mono' (DejaVuSansMono.ttf) normal normal 400 normal>) = 10.05
2021-11-14 14:33:44,226:DEBUG:findfont: score(<Font 'Courier New' (Courier_New.ttf) normal normal 400 normal>) = 10.05
2021-11-14 14:33:44,226:DEBUG:findfont: score(<Font 'Arial' (arial.ttf) normal normal 400 normal>) = 6.413636363636363
2021-11-14 14:33:44,226:DEBUG:findfont: score(<Font 'Courier New' (cour.ttf) normal normal 400 normal>) = 10.05
2021-11-14 14:33:44,226:DEBUG:findfont: score(<Font 'rsfs10' (rsfs10.ttf) italic normal 400 normal>) = 11.05
2021-11-14 14:33:44,226:DEBUG:findfont: score(<Font 'KacstOne' (KacstOne-Bold.ttf) normal normal 700 normal>) = 10.335
2021-11-14 14:33:44,226:DEBUG:findfont: score(<Font 'Kinnari' (Kinnari.ttf) normal normal 500 normal>) = 10.145
2021-11-14 14:33:44,226:DEBUG:findfont: score(<Font 'FreeMono' (FreeMonoOblique.ttf) oblique normal 400 normal>) = 11.05
2021-11-14 14:33:44,226:DEBUG:findfont: score(<Font 'UnBatang' (UnBatangBold.ttf) normal normal 700 normal>) = 10.335
2021-11-14 14:33:44,226:DEBUG:findfont: score(<Font 'Bitstream Vera Serif' (VeraSeBd.ttf) normal normal 700 normal>) = 10.335
2021-11-14 14:33:44,226:DEBUG:findfont: score(<Font 'FreeMono' (FreeMonoBoldOblique.ttf) oblique normal 700 normal>) = 11.335
2021-11-14 14:33:44,226:DEBUG:findfont: score(<Font 'UnGungseo' (UnGungseo.ttf) normal normal 400 normal>) = 10.05
2021-11-14 14:33:44,226:DEBUG:findfont: score(<Font 'Arial' (Arial.ttf) normal normal 400 normal>) = 6.413636363636363
2021-11-14 14:33:44,226:DEBUG:findfont: score(<Font 'Bitstream Vera Sans Mono' (VeraMoBd.ttf) normal normal 700 normal>) = 10.335
2021-11-14 14:33:44,226:DEBUG:findfont: score(<Font 'Waree' (Waree-Bold.ttf) normal normal 700 normal>) = 10.335
2021-11-14 14:33:44,226:DEBUG:findfont: score(<Font 'Times New Roman' (Times_New_Roman.ttf) normal normal 400 normal>) = 10.05
2021-11-14 14:33:44,226:DEBUG:findfont: score(<Font 'STIXVariants' (STIXVariants-Bold.otf) normal normal 700 normal>) = 10.335
2021-11-14 14:33:44,226:DEBUG:findfont: score(<Font 'KacstBook' (KacstBook.ttf) normal normal 500 normal>) = 10.145
2021-11-14 14:33:44,226:DEBUG:findfont: score(<Font 'Ume P Gothic S4' (ume-pgs4.ttf) normal normal 400 normal>) = 10.05
2021-11-14 14:33:44,226:DEBUG:findfont: score(<Font 'Verdana' (Verdana.ttf) normal normal 400 normal>) = 3.6863636363636365
2021-11-14 14:33:44,226:DEBUG:findfont: score(<Font 'Noto Sans CJK JP' (NotoSansCJK-Bold.ttc) normal normal 700 normal>) = 10.335
2021-11-14 14:33:44,226:DEBUG:findfont: score(<Font 'Bitstream Vera Sans' (VeraBd.ttf) normal normal 700 normal>) = 1.2440909090909091
2021-11-14 14:33:44,226:DEBUG:findfont: score(<Font 'Bitstream Vera Sans Mono' (VeraMono.ttf) normal normal 400 normal>) = 10.05
2021-11-14 14:33:44,226:DEBUG:findfont: score(<Font 'cmmi10' (cmmi10.ttf) normal normal 400 normal>) = 10.05
2021-11-14 14:33:44,226:DEBUG:findfont: score(<Font 'Padauk Book' (Padauk-book.ttf) normal normal 400 normal>) = 10.05
2021-11-14 14:33:44,226:DEBUG:findfont: score(<Font 'Ume Gothic C4' (ume-tgc4.ttf) normal normal 400 normal>) = 10.05
2021-11-14 14:33:44,226:DEBUG:findfont: score(<Font 'Ubuntu' (Ubuntu-B.ttf) normal normal 700 normal>) = 10.335
2021-11-14 14:33:44,226:DEBUG:findfont: score(<Font 'Garuda' (Garuda.ttf) normal normal 400 normal>) = 10.05
2021-11-14 14:33:44,226:DEBUG:findfont: score(<Font 'Waree' (Waree-BoldOblique.ttf) oblique normal 700 normal>) = 11.335
2021-11-14 14:33:44,227:DEBUG:findfont: score(<Font 'DejaVu Serif' (DejaVuSerif.ttf) normal normal 400 normal>) = 10.05
2021-11-14 14:33:44,227:DEBUG:findfont: score(<Font 'Times New Roman' (timesbi.ttf) italic normal 700 normal>) = 11.335
2021-11-14 14:33:44,227:DEBUG:findfont: score(<Font 'Tlwg Typo' (TlwgTypo-Oblique.ttf) oblique normal 500 normal>) = 11.145
2021-11-14 14:33:44,227:DEBUG:findfont: score(<Font 'Tlwg Typewriter' (TlwgTypewriter.ttf) normal normal 500 normal>) = 10.145
2021-11-14 14:33:44,227:DEBUG:findfont: score(<Font 'Verdana' (verdana.ttf) normal normal 400 normal>) = 3.6863636363636365
2021-11-14 14:33:44,227:DEBUG:findfont: score(<Font 'DejaVu Serif' (DejaVuSerif-BoldItalic.ttf) italic normal 700 normal>) = 11.335
2021-11-14 14:33:44,227:DEBUG:findfont: score(<Font 'STIXSizeFiveSym' (STIXSizeFiveSym-Regular.otf) normal normal 400 normal>) = 10.05
2021-11-14 14:33:44,227:DEBUG:findfont: score(<Font 'Times New Roman' (Times_New_Roman_Bold_Italic.ttf) italic normal 700 normal>) = 11.335
2021-11-14 14:33:44,227:DEBUG:findfont: score(<Font 'Trebuchet MS' (trebucit.ttf) italic normal 400 normal>) = 11.05
2021-11-14 14:33:44,227:DEBUG:findfont: score(<Font 'Courier New' (courbi.ttf) italic normal 700 normal>) = 11.335
2021-11-14 14:33:44,227:DEBUG:findfont: score(<Font 'Padauk' (Padauk.ttf) normal normal 400 normal>) = 10.05
2021-11-14 14:33:44,227:DEBUG:findfont: score(<Font 'Sawasdee' (Sawasdee-Bold.ttf) normal normal 700 normal>) = 10.335
2021-11-14 14:33:44,227:DEBUG:findfont: score(<Font 'OpenSymbol' (opens___.ttf) normal normal 400 normal>) = 10.05
2021-11-14 14:33:44,227:DEBUG:findfont: score(<Font 'FreeSans' (FreeSansOblique.ttf) oblique normal 400 normal>) = 11.05
2021-11-14 14:33:44,227:DEBUG:findfont: score(<Font 'FreeSerif' (FreeSerifBoldItalic.ttf) italic normal 700 normal>) = 11.335
2021-11-14 14:33:44,227:DEBUG:findfont: score(<Font 'msam10' (msam10.ttf) normal normal 400 normal>) = 10.05
2021-11-14 14:33:44,227:DEBUG:findfont: score(<Font 'Norasi' (Norasi-BoldOblique.ttf) oblique normal 700 normal>) = 11.335
2021-11-14 14:33:44,227:DEBUG:findfont: score(<Font 'Liberation Sans' (LiberationSans-Italic.ttf) italic normal 400 normal>) = 11.05
2021-11-14 14:33:44,227:DEBUG:findfont: score(<Font 'Times New Roman' (timesi.ttf) italic normal 400 normal>) = 11.05
2021-11-14 14:33:44,227:DEBUG:findfont: score(<Font 'Noto Sans CJK JP' (NotoSansCJK-Thin.ttc) normal normal 250 normal>) = 10.1925
2021-11-14 14:33:44,227:DEBUG:findfont: score(<Font 'Georgia' (Georgia_Italic.ttf) italic normal 400 normal>) = 11.05
2021-11-14 14:33:44,227:DEBUG:findfont: score(<Font 'Loma' (Loma-Oblique.ttf) oblique normal 400 normal>) = 11.05
2021-11-14 14:33:44,227:DEBUG:findfont: score(<Font 'Times New Roman' (timesbd.ttf) normal normal 700 normal>) = 10.335
2021-11-14 14:33:44,227:DEBUG:findfont: score(<Font 'DejaVu Serif' (DejaVuSerifCondensed-BoldItalic.ttf) italic normal 700 condensed>) = 11.535
2021-11-14 14:33:44,227:DEBUG:findfont: score(<Font 'STIXIntegralsUp' (STIXIntegralsUp-Bold.otf) normal normal 700 normal>) = 10.335
2021-11-14 14:33:44,227:DEBUG:findfont: score(<Font 'Ubuntu Mono' (UbuntuMono-B.ttf) normal normal 700 normal>) = 10.335
2021-11-14 14:33:44,227:DEBUG:findfont: score(<Font 'Bitstream Vera Sans' (Vera.ttf) normal normal 400 normal>) = 0.9590909090909092
2021-11-14 14:33:44,227:DEBUG:findfont: score(<Font 'Comic Sans MS' (comicbd.ttf) normal normal 700 normal>) = 10.335
2021-11-14 14:33:44,227:DEBUG:findfont: score(<Font 'STIXSizeOneSym' (STIXSizeOneSym-Regular.otf) normal normal 400 normal>) = 10.05
2021-11-14 14:33:44,228:DEBUG:findfont: score(<Font 'Purisa' (Purisa.ttf) normal normal 400 normal>) = 10.05
2021-11-14 14:33:44,228:DEBUG:findfont: score(<Font 'Liberation Sans Narrow' (LiberationSansNarrow-Bold.ttf) normal normal 700 condensed>) = 10.535
2021-11-14 14:33:44,228:DEBUG:findfont: score(<Font 'FreeSans' (FreeSansBoldOblique.ttf) oblique normal 600 normal>) = 11.24
2021-11-14 14:33:44,228:DEBUG:findfont: score(<Font 'Courier New' (courbd.ttf) normal normal 700 normal>) = 10.335
2021-11-14 14:33:44,228:DEBUG:findfont: score(<Font 'STIX Math' (STIXMath-Regular.otf) normal normal 400 normal>) = 10.05
2021-11-14 14:33:44,228:DEBUG:findfont: score(<Font 'Liberation Mono' (LiberationMono-Italic.ttf) italic normal 400 normal>) = 11.05
2021-11-14 14:33:44,228:DEBUG:findfont: score(<Font 'Waree' (Waree.ttf) normal normal 400 normal>) = 10.05
2021-11-14 14:33:44,228:DEBUG:findfont: score(<Font 'STIXIntegralsD' (STIXIntegralsD-Bold.otf) normal normal 700 normal>) = 10.335
2021-11-14 14:33:44,228:DEBUG:findfont: score(<Font 'Liberation Sans Narrow' (LiberationSansNarrow-Regular.ttf) normal normal 400 condensed>) = 10.25
2021-11-14 14:33:44,228:DEBUG:findfont: score(<Font 'KacstTitleL' (KacstTitleL.ttf) normal normal 400 normal>) = 10.05
2021-11-14 14:33:44,228:DEBUG:findfont: score(<Font 'KacstOffice' (KacstOffice.ttf) normal normal 500 normal>) = 10.145
2021-11-14 14:33:44,228:DEBUG:findfont: score(<Font 'STIXSizeTwoSym' (STIXSizeTwoSym-Bold.otf) normal normal 700 normal>) = 10.335
2021-11-14 14:33:44,228:DEBUG:findfont: score(<Font 'NanumBarunGothic' (NanumBarunGothicBold.ttf) normal normal 600 normal>) = 10.24
2021-11-14 14:33:44,228:DEBUG:findfont: score(<Font 'DejaVu Serif' (DejaVuSerifCondensed-Italic.ttf) italic normal 400 condensed>) = 11.25
2021-11-14 14:33:44,228:DEBUG:findfont: score(<Font 'Ubuntu Condensed' (Ubuntu-C.ttf) normal normal 400 condensed>) = 10.25
2021-11-14 14:33:44,228:DEBUG:findfont: score(<Font 'Tlwg Typo' (TlwgTypo-Bold.ttf) normal normal 700 normal>) = 10.335
2021-11-14 14:33:44,228:DEBUG:findfont: score(<Font 'Georgia' (georgiaz.ttf) italic normal 700 normal>) = 11.335
2021-11-14 14:33:44,228:DEBUG:findfont: score(<Font 'Purisa' (Purisa-BoldOblique.ttf) oblique normal 700 normal>) = 11.335
2021-11-14 14:33:44,228:DEBUG:findfont: score(<Font 'Umpush' (Umpush-LightOblique.ttf) oblique normal 300 normal>) = 11.145
2021-11-14 14:33:44,228:DEBUG:findfont: score(<Font 'Ubuntu' (Ubuntu-BI.ttf) italic normal 700 normal>) = 11.335
2021-11-14 14:33:44,228:DEBUG:findfont: score(<Font 'Ubuntu Mono' (UbuntuMono-RI.ttf) italic normal 400 normal>) = 11.05
2021-11-14 14:33:44,228:DEBUG:findfont: score(<Font 'Abyssinica SIL' (AbyssinicaSIL-R.ttf) normal normal 400 normal>) = 10.05
2021-11-14 14:33:44,228:DEBUG:findfont: score(<Font 'Ume UI Gothic' (ume-ugo4.ttf) normal normal 400 normal>) = 10.05
2021-11-14 14:33:44,228:DEBUG:findfont: score(<Font 'DejaVu Sans' (DejaVuSansCondensed.ttf) normal normal 400 condensed>) = 0.25
2021-11-14 14:33:44,228:DEBUG:findfont: score(<Font 'Ume Gothic S5' (ume-tgs5.ttf) normal normal 400 normal>) = 10.05
2021-11-14 14:33:44,228:DEBUG:findfont: score(<Font 'Symbola' (Symbola_hint.ttf) normal normal 400 normal>) = 10.05
2021-11-14 14:33:44,228:DEBUG:findfont: score(<Font 'Ubuntu' (Ubuntu-R.ttf) normal normal 400 normal>) = 10.05
2021-11-14 14:33:44,228:DEBUG:findfont: score(<Font 'Trebuchet MS' (Trebuchet_MS_Italic.ttf) italic normal 400 normal>) = 11.05
2021-11-14 14:33:44,228:DEBUG:findfont: score(<Font 'Garuda' (Garuda-Oblique.ttf) oblique normal 400 normal>) = 11.05
2021-11-14 14:33:44,228:DEBUG:findfont: score(<Font 'UnPilgi' (UnPilgi.ttf) normal normal 400 normal>) = 10.05
2021-11-14 14:33:44,228:DEBUG:findfont: score(<Font 'Noto Sans CJK JP' (NotoSansCJK-Regular.ttc) normal normal 400 normal>) = 10.05
2021-11-14 14:33:44,229:DEBUG:findfont: score(<Font 'NanumMyeongjo' (NanumMyeongjoBold.ttf) normal normal 600 normal>) = 10.24
2021-11-14 14:33:44,229:DEBUG:findfont: score(<Font 'Droid Sans Fallback' (DroidSansFallbackFull.ttf) normal normal 400 normal>) = 10.05
2021-11-14 14:33:44,229:DEBUG:findfont: score(<Font 'STIX' (STIX-Italic.otf) italic normal 400 normal>) = 11.05
2021-11-14 14:33:44,229:DEBUG:findfont: score(<Font 'AR PL UMing CN' (uming.ttc) normal normal 300 normal>) = 10.145
2021-11-14 14:33:44,229:DEBUG:findfont: score(<Font 'STIXSizeThreeSym' (STIXSizeThreeSym-Regular.otf) normal normal 400 normal>) = 10.05
2021-11-14 14:33:44,229:DEBUG:findfont: score(<Font 'STIXGeneral' (STIXGeneral-Italic.otf) italic normal 400 normal>) = 11.05
2021-11-14 14:33:44,229:DEBUG:findfont: score(<Font 'Arial Black' (Arial_Black.ttf) normal normal 400 normal>) = 10.05
2021-11-14 14:33:44,229:DEBUG:findfont: score(<Font 'Trebuchet MS' (Trebuchet_MS.ttf) normal normal 400 normal>) = 10.05
2021-11-14 14:33:44,229:DEBUG:findfont: score(<Font 'FreeSerif' (FreeSerifItalic.ttf) italic normal 400 normal>) = 11.05
2021-11-14 14:33:44,229:DEBUG:findfont: score(<Font 'KacstArt' (KacstArt.ttf) normal normal 500 normal>) = 10.145
2021-11-14 14:33:44,229:DEBUG:findfont: score(<Font 'Noto Sans CJK JP' (NotoSansCJK-Medium.ttc) normal normal 500 normal>) = 10.145
2021-11-14 14:33:44,229:DEBUG:findfont: score(<Font 'FreeSerif' (FreeSerifBold.ttf) normal normal 700 normal>) = 10.335
2021-11-14 14:33:44,229:DEBUG:findfont: score(<Font 'LKLUG' (lklug.ttf) normal normal 400 normal>) = 10.05
2021-11-14 14:33:44,229:DEBUG:findfont: score(<Font 'Norasi' (Norasi-Oblique.ttf) oblique normal 400 normal>) = 11.05
2021-11-14 14:33:44,229:DEBUG:findfont: score(<Font 'Kinnari' (Kinnari-Oblique.ttf) oblique normal 500 normal>) = 11.145
2021-11-14 14:33:44,229:DEBUG:findfont: score(<Font 'msbm10' (msbm10.ttf) normal normal 400 normal>) = 10.05
2021-11-14 14:33:44,229:DEBUG:findfont: score(<Font 'eufm10' (eufm10.ttf) normal normal 400 normal>) = 10.05
2021-11-14 14:33:44,229:DEBUG:findfont: score(<Font 'Liberation Sans' (LiberationSans-Regular.ttf) normal normal 400 normal>) = 10.05
2021-11-14 14:33:44,229:DEBUG:findfont: score(<Font 'DejaVu Serif' (DejaVuSerifCondensed-Bold.ttf) normal normal 700 condensed>) = 10.535
2021-11-14 14:33:44,229:DEBUG:findfont: score(<Font 'STIXIntegralsUpD' (STIXIntegralsUpD-Regular.otf) normal normal 400 normal>) = 10.05
2021-11-14 14:33:44,229:DEBUG:findfont: score(<Font 'Ume Gothic' (ume-tgo4.ttf) normal normal 400 normal>) = 10.05
2021-11-14 14:33:44,229:DEBUG:findfont: score(<Font 'Liberation Sans' (LiberationSans-BoldItalic.ttf) italic normal 700 normal>) = 11.335
2021-11-14 14:33:44,229:DEBUG:findfont: score(<Font 'Liberation Sans Narrow' (LiberationSansNarrow-Italic.ttf) italic normal 400 condensed>) = 11.25
2021-11-14 14:33:44,229:DEBUG:findfont: score(<Font 'Norasi' (Norasi-Italic.ttf) italic normal 400 normal>) = 11.05
2021-11-14 14:33:44,229:DEBUG:findfont: score(<Font 'Georgia' (Georgia_Bold_Italic.ttf) italic normal 700 normal>) = 11.335
2021-11-14 14:33:44,229:DEBUG:findfont: score(<Font 'DejaVu Serif' (DejaVuSerifCondensed.ttf) normal normal 400 condensed>) = 10.25
2021-11-14 14:33:44,229:DEBUG:findfont: score(<Font 'Verdana' (verdanab.ttf) normal normal 700 normal>) = 3.9713636363636367
2021-11-14 14:33:44,229:DEBUG:findfont: score(<Font 'Webdings' (webdings.ttf) normal normal 400 normal>) = 10.05
2021-11-14 14:33:44,230:DEBUG:findfont: score(<Font 'STIXNonUnicode' (STIXNonUnicode-Regular.otf) normal normal 400 normal>) = 10.05
2021-11-14 14:33:44,230:DEBUG:findfont: score(<Font 'TakaoPGothic' (fonts-japanese-gothic.ttf) normal normal 400 normal>) = 10.05
2021-11-14 14:33:44,230:DEBUG:findfont: score(<Font 'Sawasdee' (Sawasdee.ttf) normal normal 400 normal>) = 10.05
2021-11-14 14:33:44,230:DEBUG:findfont: score(<Font 'Liberation Serif' (LiberationSerif-Italic.ttf) italic normal 400 normal>) = 11.05
2021-11-14 14:33:44,230:DEBUG:findfont: score(<Font 'STIXIntegralsUpD' (STIXIntegralsUpD-Bold.otf) normal normal 700 normal>) = 10.335
2021-11-14 14:33:44,230:DEBUG:findfont: score(<Font 'KacstDecorative' (KacstDecorative.ttf) normal normal 500 normal>) = 10.145
2021-11-14 14:33:44,230:DEBUG:findfont: score(<Font 'Norasi' (Norasi-Bold.ttf) normal normal 700 normal>) = 10.335
2021-11-14 14:33:44,230:DEBUG:findfont: score(<Font 'Bitstream Vera Sans Mono' (VeraMoBI.ttf) oblique normal 700 normal>) = 11.335
2021-11-14 14:33:44,230:DEBUG:findfont: score(<Font 'Georgia' (georgiai.ttf) italic normal 400 normal>) = 11.05
2021-11-14 14:33:44,230:DEBUG:findfont: score(<Font 'STIXIntegralsSm' (STIXIntegralsSm-Bold.otf) normal normal 700 normal>) = 10.335
2021-11-14 14:33:44,230:DEBUG:findfont: score(<Font 'Tlwg Typo' (TlwgTypo.ttf) normal normal 500 normal>) = 10.145
2021-11-14 14:33:44,230:DEBUG:findfont: score(<Font 'STIXNonUnicode' (STIXNonUnicode-Italic.otf) italic normal 400 normal>) = 11.05
2021-11-14 14:33:44,230:DEBUG:findfont: score(<Font 'Norasi' (Norasi.ttf) normal normal 400 normal>) = 10.05
2021-11-14 14:33:44,230:DEBUG:findfont: score(<Font 'KacstPen' (KacstPen.ttf) normal normal 500 normal>) = 10.145
2021-11-14 14:33:44,230:DEBUG:findfont: score(<Font 'Tlwg Typist' (TlwgTypist-BoldOblique.ttf) oblique normal 700 normal>) = 11.335
2021-11-14 14:33:44,230:DEBUG:findfont: score(<Font 'Ume P Mincho' (ume-pmo3.ttf) normal normal 400 normal>) = 10.05
2021-11-14 14:33:44,230:DEBUG:findfont: score(<Font 'Sawasdee' (Sawasdee-Oblique.ttf) oblique normal 400 normal>) = 11.05
2021-11-14 14:33:44,230:DEBUG:findfont: score(<Font 'KacstDigital' (KacstDigital.ttf) normal normal 500 normal>) = 10.145
2021-11-14 14:33:44,230:DEBUG:findfont: score(<Font 'Tlwg Typist' (TlwgTypist-Oblique.ttf) oblique normal 500 normal>) = 11.145
2021-11-14 14:33:44,230:DEBUG:findfont: score(<Font 'Tibetan Machine Uni' (TibetanMachineUni.ttf) normal normal 400 normal>) = 10.05
2021-11-14 14:33:44,230:DEBUG:findfont: score(<Font 'STIX' (STIX-Regular.otf) normal normal 400 normal>) = 10.05
2021-11-14 14:33:44,230:DEBUG:findfont: score(<Font 'Bitstream Vera Sans' (VeraIt.ttf) oblique normal 400 normal>) = 1.9590909090909092
2021-11-14 14:33:44,230:DEBUG:findfont: score(<Font 'Tlwg Typewriter' (TlwgTypewriter-Bold.ttf) normal normal 700 normal>) = 10.335
2021-11-14 14:33:44,230:DEBUG:findfont: score(<Font 'Arial' (arialbd.ttf) normal normal 700 normal>) = 6.698636363636363
2021-11-14 14:33:44,230:DEBUG:findfont: score(<Font 'Tlwg Typo' (TlwgTypo-BoldOblique.ttf) oblique normal 700 normal>) = 11.335
2021-11-14 14:33:44,230:DEBUG:findfont: score(<Font 'Saab' (Saab.ttf) normal normal 400 normal>) = 10.05
2021-11-14 14:33:44,230:DEBUG:findfont: score(<Font 'Purisa' (Purisa-Bold.ttf) normal normal 700 normal>) = 10.335
2021-11-14 14:33:44,230:DEBUG:findfont: score(<Font 'KacstTitle' (KacstTitle.ttf) normal normal 500 normal>) = 10.145
2021-11-14 14:33:44,230:DEBUG:findfont: score(<Font 'Georgia' (georgia.ttf) normal normal 400 normal>) = 10.05
2021-11-14 14:33:44,230:DEBUG:findfont: score(<Font 'Waree' (Waree-Oblique.ttf) oblique normal 400 normal>) = 11.05
2021-11-14 14:33:44,231:DEBUG:findfont: score(<Font 'Lohit Punjabi' (Lohit-Punjabi.ttf) normal normal 400 normal>) = 10.05
2021-11-14 14:33:44,231:DEBUG:findfont: score(<Font 'Noto Mono' (NotoMono-Regular.ttf) normal normal 400 normal>) = 10.05
2021-11-14 14:33:44,231:DEBUG:findfont: score(<Font 'Tlwg Mono' (TlwgMono-Bold.ttf) normal normal 700 normal>) = 10.335
2021-11-14 14:33:44,231:DEBUG:findfont: score(<Font 'Garuda' (Garuda-BoldOblique.ttf) oblique normal 700 normal>) = 11.335
2021-11-14 14:33:44,231:DEBUG:findfont: score(<Font 'UnDinaru' (UnDinaruLight.ttf) normal normal 300 normal>) = 10.145
2021-11-14 14:33:44,231:DEBUG:findfont: score(<Font 'Liberation Serif' (LiberationSerif-Bold.ttf) normal normal 700 normal>) = 10.335
2021-11-14 14:33:44,231:DEBUG:findfont: score(<Font 'Ubuntu' (Ubuntu-MI.ttf) italic normal 500 normal>) = 11.145
2021-11-14 14:33:44,231:DEBUG:findfont: score(<Font 'Umpush' (Umpush-BoldOblique.ttf) oblique normal 700 normal>) = 11.335
2021-11-14 14:33:44,231:DEBUG:findfont: score(<Font 'FreeSans' (FreeSans.ttf) normal normal 400 normal>) = 10.05
2021-11-14 14:33:44,231:DEBUG:findfont: score(<Font 'Arial' (Arial_Bold_Italic.ttf) italic normal 700 normal>) = 7.698636363636363
2021-11-14 14:33:44,231:DEBUG:findfont: score(<Font 'Tlwg Mono' (TlwgMono-BoldOblique.ttf) oblique normal 700 normal>) = 11.335
2021-11-14 14:33:44,231:DEBUG:findfont: score(<Font 'Webdings' (Webdings.ttf) normal normal 400 normal>) = 10.05
2021-11-14 14:33:44,231:DEBUG:findfont: score(<Font 'DejaVu Serif' (DejaVuSerif-Bold.ttf) normal normal 700 normal>) = 10.335
2021-11-14 14:33:44,231:DEBUG:findfont: score(<Font 'Bitstream Vera Sans' (VeraBI.ttf) oblique normal 700 normal>) = 2.244090909090909
2021-11-14 14:33:44,231:DEBUG:findfont: score(<Font 'Ubuntu' (Ubuntu-RI.ttf) italic normal 400 normal>) = 11.05
2021-11-14 14:33:44,231:DEBUG:findfont: score(<Font 'Garuda' (Garuda-Bold.ttf) normal normal 700 normal>) = 10.335
2021-11-14 14:33:44,231:DEBUG:findfont: score(<Font 'UnDinaru' (UnDinaruBold.ttf) normal normal 700 normal>) = 10.335
2021-11-14 14:33:44,231:DEBUG:findfont: score(<Font 'Trebuchet MS' (trebuc.ttf) normal normal 400 normal>) = 10.05
2021-11-14 14:33:44,231:DEBUG:findfont: score(<Font 'Ume Gothic S4' (ume-tgs4.ttf) normal normal 400 normal>) = 10.05
2021-11-14 14:33:44,231:DEBUG:findfont: score(<Font 'Ume Mincho S3' (ume-tms3.ttf) normal normal 400 normal>) = 10.05
2021-11-14 14:33:44,231:DEBUG:findfont: score(<Font 'Ume UI Gothic O5' (ume-ugo5.ttf) normal normal 400 normal>) = 10.05
2021-11-14 14:33:44,231:DEBUG:findfont: score(<Font 'Tlwg Typist' (TlwgTypist-Bold.ttf) normal normal 700 normal>) = 10.335
2021-11-14 14:33:44,231:DEBUG:findfont: score(<Font 'Ubuntu' (Ubuntu-L.ttf) normal normal 300 normal>) = 10.145
2021-11-14 14:33:44,231:DEBUG:findfont: score(<Font 'UnDotum' (UnDotum.ttf) normal normal 400 normal>) = 10.05
2021-11-14 14:33:44,231:DEBUG:findfont: score(<Font 'Tlwg Mono' (TlwgMono.ttf) normal normal 500 normal>) = 10.145
2021-11-14 14:33:44,231:DEBUG:findfont: score(<Font 'DejaVu Sans Mono' (DejaVuSansMono-BoldOblique.ttf) oblique normal 700 normal>) = 11.335
2021-11-14 14:33:44,231:DEBUG:findfont: score(<Font 'KacstNaskh' (KacstNaskh.ttf) normal normal 500 normal>) = 10.145
2021-11-14 14:33:44,231:DEBUG:findfont: score(<Font 'STIXIntegralsSm' (STIXIntegralsSm-Regular.otf) normal normal 400 normal>) = 10.05
2021-11-14 14:33:44,232:DEBUG:findfont: score(<Font 'Umpush' (Umpush.ttf) normal normal 400 normal>) = 10.05
2021-11-14 14:33:44,232:DEBUG:findfont: score(<Font 'STIX' (STIX-BoldItalic.otf) italic normal 700 normal>) = 11.335
2021-11-14 14:33:44,232:DEBUG:findfont: score(<Font 'Arial' (arialbi.ttf) italic normal 700 normal>) = 7.698636363636363
2021-11-14 14:33:44,232:DEBUG:findfont: score(<Font 'NanumMyeongjo' (NanumMyeongjo.ttf) normal normal 400 normal>) = 10.05
2021-11-14 14:33:44,232:DEBUG:findfont: score(<Font 'Andale Mono' (Andale_Mono.ttf) normal normal 400 normal>) = 10.05
2021-11-14 14:33:44,232:DEBUG:findfont: score(<Font 'Ume Gothic O5' (ume-tgo5.ttf) normal normal 400 normal>) = 10.05
2021-11-14 14:33:44,232:DEBUG:findfont: score(<Font 'Noto Sans CJK JP' (NotoSansCJK-DemiLight.ttc) normal normal 350 normal>) = 10.0975
2021-11-14 14:33:44,232:DEBUG:findfont: score(<Font 'Noto Sans CJK JP' (NotoSansCJK-Light.ttc) normal normal 300 normal>) = 10.145
2021-11-14 14:33:44,232:DEBUG:findfont: score(<Font 'Ume P Gothic' (ume-pgo4.ttf) normal normal 400 normal>) = 10.05
2021-11-14 14:33:44,232:DEBUG:findfont: score(<Font 'STIXIntegralsD' (STIXIntegralsD-Regular.otf) normal normal 400 normal>) = 10.05
2021-11-14 14:33:44,232:DEBUG:findfont: score(<Font 'Tlwg Typewriter' (TlwgTypewriter-Oblique.ttf) oblique normal 400 normal>) = 11.05
2021-11-14 14:33:44,232:DEBUG:findfont: score(<Font 'Verdana' (Verdana_Italic.ttf) italic normal 400 normal>) = 4.6863636363636365
2021-11-14 14:33:44,232:DEBUG:findfont: score(<Font 'wasy10' (wasy10.ttf) normal normal 400 normal>) = 10.05
2021-11-14 14:33:44,232:DEBUG:findfont: score(<Font 'stmary10' (stmary10.ttf) normal normal 400 normal>) = 10.05
2021-11-14 14:33:44,232:DEBUG:findfont: score(<Font 'Trebuchet MS' (Trebuchet_MS_Bold_Italic.ttf) italic normal 700 normal>) = 11.335
2021-11-14 14:33:44,232:DEBUG:findfont: score(<Font 'Times New Roman' (Times_New_Roman_Italic.ttf) italic normal 400 normal>) = 11.05
2021-11-14 14:33:44,232:DEBUG:findfont: score(<Font 'esint10' (esint10.ttf) normal normal 400 normal>) = 10.05
2021-11-14 14:33:44,232:DEBUG:findfont: score(<Font 'Trebuchet MS' (Trebuchet_MS_Bold.ttf) normal normal 700 normal>) = 10.335
2021-11-14 14:33:44,232:DEBUG:findfont: score(<Font 'Ume Gothic C5' (ume-tgc5.ttf) normal normal 400 normal>) = 10.05
2021-11-14 14:33:44,232:DEBUG:findfont: score(<Font 'STIXNonUnicode' (STIXNonUnicode-BoldItalic.otf) italic normal 700 normal>) = 11.335
2021-11-14 14:33:44,232:DEBUG:findfont: score(<Font 'NanumGothic' (NanumGothicBold.ttf) normal normal 600 normal>) = 10.24
2021-11-14 14:33:44,232:DEBUG:findfont: score(<Font 'Comic Sans MS' (Comic_Sans_MS_Bold.ttf) normal normal 700 normal>) = 10.335
2021-11-14 14:33:44,232:DEBUG:findfont: score(<Font 'WenQuanYi Micro Hei' (wqy-microhei.ttc) normal normal 400 normal>) = 10.05
2021-11-14 14:33:44,232:DEBUG:findfont: score(<Font 'KacstScreen' (KacstScreen.ttf) normal normal 500 normal>) = 10.145
2021-11-14 14:33:44,232:DEBUG:findfont: score(<Font 'Laksaman' (Laksaman-Bold.ttf) normal normal 700 normal>) = 10.335
2021-11-14 14:33:44,232:DEBUG:findfont: score(<Font 'TakaoPGothic' (TakaoPGothic.ttf) normal normal 400 normal>) = 10.05
2021-11-14 14:33:44,232:DEBUG:findfont: score(<Font 'UnBatang' (UnBatang.ttf) normal normal 400 normal>) = 10.05
2021-11-14 14:33:44,232:DEBUG:findfont: score(<Font 'Courier New' (Courier_New_Italic.ttf) italic normal 400 normal>) = 11.05
2021-11-14 14:33:44,232:DEBUG:findfont: score(<Font 'Arial' (Arial_Bold.ttf) normal normal 700 normal>) = 6.698636363636363
2021-11-14 14:33:44,233:DEBUG:findfont: score(<Font 'FreeMono' (FreeMonoBold.ttf) normal normal 700 normal>) = 10.335
2021-11-14 14:33:44,233:DEBUG:findfont: score(<Font 'Laksaman' (Laksaman.ttf) normal normal 400 normal>) = 10.05
2021-11-14 14:33:44,233:DEBUG:findfont: score(<Font 'Bitstream Vera Sans Mono' (VeraMoIt.ttf) oblique normal 400 normal>) = 11.05
2021-11-14 14:33:44,233:DEBUG:findfont: score(<Font 'cmex10' (cmex10.ttf) normal normal 400 normal>) = 10.05
2021-11-14 14:33:44,233:DEBUG:findfont: score(<Font 'Purisa' (Purisa-Oblique.ttf) oblique normal 400 normal>) = 11.05
2021-11-14 14:33:44,233:DEBUG:findfont: score(<Font 'DejaVu Serif' (DejaVuSerif-Italic.ttf) italic normal 400 normal>) = 11.05
2021-11-14 14:33:44,233:DEBUG:findfont: score(<Font 'Andale Mono' (andalemo.ttf) normal normal 400 normal>) = 10.05
2021-11-14 14:33:44,233:DEBUG:findfont: score(<Font 'Tlwg Typewriter' (TlwgTypewriter-BoldOblique.ttf) oblique normal 700 normal>) = 11.335
2021-11-14 14:33:44,233:DEBUG:findfont: score(<Font 'Liberation Mono' (LiberationMono-Bold.ttf) normal normal 700 normal>) = 10.335
2021-11-14 14:33:44,233:DEBUG:findfont: score(<Font 'KacstQurn' (KacstQurn.ttf) normal normal 400 normal>) = 10.05
2021-11-14 14:33:44,233:DEBUG:findfont: score(<Font 'Courier New' (couri.ttf) italic normal 400 normal>) = 11.05
2021-11-14 14:33:44,233:DEBUG:findfont: score(<Font 'Umpush' (Umpush-Oblique.ttf) oblique normal 400 normal>) = 11.05
2021-11-14 14:33:44,233:DEBUG:findfont: score(<Font 'STIXIntegralsUpSm' (STIXIntegralsUpSm-Regular.otf) normal normal 400 normal>) = 10.05
2021-11-14 14:33:44,233:DEBUG:findfont: score(<Font 'Kinnari' (Kinnari-BoldItalic.ttf) italic normal 700 normal>) = 11.335
2021-11-14 14:33:44,233:DEBUG:findfont: score(<Font 'Ubuntu' (Ubuntu-LI.ttf) italic normal 300 normal>) = 11.145
2021-11-14 14:33:44,233:DEBUG:findfont: score(<Font 'DejaVu Sans Mono' (DejaVuSansMono-Oblique.ttf) oblique normal 400 normal>) = 11.05
2021-11-14 14:33:44,233:DEBUG:findfont: score(<Font 'Kinnari' (Kinnari-Bold.ttf) normal normal 700 normal>) = 10.335
2021-11-14 14:33:44,233:DEBUG:findfont: score(<Font 'NanumGothic' (NanumGothic.ttf) normal normal 400 normal>) = 10.05
2021-11-14 14:33:44,233:DEBUG:findfont: score(<Font 'KacstPoster' (KacstPoster.ttf) normal normal 500 normal>) = 10.145
2021-11-14 14:33:44,233:DEBUG:findfont: score(<Font 'UnDotum' (UnDotumBold.ttf) normal normal 700 normal>) = 10.335
2021-11-14 14:33:44,233:DEBUG:findfont: score(<Font 'Ume P Gothic S5' (ume-pgs5.ttf) normal normal 400 normal>) = 10.05
2021-11-14 14:33:44,233:DEBUG:findfont: score(<Font 'Kinnari' (Kinnari-BoldOblique.ttf) oblique normal 700 normal>) = 11.335
2021-11-14 14:33:44,233:DEBUG:findfont: score(<Font 'Umpush' (Umpush-Bold.ttf) normal normal 700 normal>) = 10.335
2021-11-14 14:33:44,233:DEBUG:findfont: score(<Font 'DejaVu Sans' (DejaVuSans-BoldOblique.ttf) oblique normal 700 normal>) = 1.335
2021-11-14 14:33:44,233:DEBUG:findfont: score(<Font 'DejaVu Sans' (DejaVuSans.ttf) normal normal 400 normal>) = 0.05
2021-11-14 14:33:44,233:DEBUG:findfont: score(<Font 'NanumBarunGothic' (NanumBarunGothic.ttf) normal normal 400 normal>) = 10.05
2021-11-14 14:33:44,233:DEBUG:findfont: score(<Font 'Arial' (Arial_Italic.ttf) italic normal 400 normal>) = 7.413636363636363
2021-11-14 14:33:44,233:DEBUG:findfont: score(<Font 'DejaVu Sans' (DejaVuSansCondensed-BoldOblique.ttf) oblique normal 700 condensed>) = 1.535
2021-11-14 14:33:44,233:DEBUG:findfont: score(<Font 'AR PL UKai CN' (ukai.ttc) normal normal 400 normal>) = 10.05
2021-11-14 14:33:44,234:DEBUG:findfont: score(<Font 'STIXGeneral' (STIXGeneral-BoldItalic.otf) italic normal 700 normal>) = 11.335
2021-11-14 14:33:44,234:DEBUG:findfont: score(<Font 'FreeMono' (FreeMono.ttf) normal normal 400 normal>) = 10.05
2021-11-14 14:33:44,234:DEBUG:findfont: score(<Font 'Ume P Mincho S3' (ume-pms3.ttf) normal normal 400 normal>) = 10.05
2021-11-14 14:33:44,234:DEBUG:findfont: score(<Font 'Comic Sans MS' (comic.ttf) normal normal 400 normal>) = 10.05
2021-11-14 14:33:44,234:DEBUG:findfont: score(<Font 'STIXNonUnicode' (STIXNonUnicode-Bold.otf) normal normal 700 normal>) = 10.335
2021-11-14 14:33:44,234:DEBUG:findfont: score(<Font 'STIXSizeFourSym' (STIXSizeFourSym-Regular.otf) normal normal 400 normal>) = 10.05
2021-11-14 14:33:44,234:DEBUG:findfont: score(<Font 'Norasi' (Norasi-BoldItalic.ttf) italic normal 700 normal>) = 11.335
2021-11-14 14:33:44,234:DEBUG:findfont: score(<Font 'Verdana' (Verdana_Bold.ttf) normal normal 700 normal>) = 3.9713636363636367
2021-11-14 14:33:44,234:DEBUG:findfont: score(<Font 'Kinnari' (Kinnari-Italic.ttf) italic normal 500 normal>) = 11.145
2021-11-14 14:33:44,234:DEBUG:findfont: score(<Font 'UnPilgi' (UnPilgiBold.ttf) normal normal 700 normal>) = 10.335
2021-11-14 14:33:44,234:DEBUG:findfont: score(<Font 'Bitstream Vera Serif' (VeraSe.ttf) normal normal 400 normal>) = 10.05
2021-11-14 14:33:44,234:DEBUG:findfont: score(<Font 'Georgia' (Georgia.ttf) normal normal 400 normal>) = 10.05
2021-11-14 14:33:44,234:DEBUG:findfont: score(<Font 'DejaVu Sans' (DejaVuSansCondensed-Bold.ttf) normal normal 700 condensed>) = 0.5349999999999999
2021-11-14 14:33:44,234:DEBUG:findfont: score(<Font 'Verdana' (verdanai.ttf) italic normal 400 normal>) = 4.6863636363636365
2021-11-14 14:33:44,234:DEBUG:findfont: score(<Font 'Loma' (Loma-Bold.ttf) normal normal 700 normal>) = 10.335
2021-11-14 14:33:44,234:DEBUG:findfont: score(<Font 'Georgia' (georgiab.ttf) normal normal 700 normal>) = 10.335
2021-11-14 14:33:44,234:DEBUG:findfont: score(<Font 'Times New Roman' (Times_New_Roman_Bold.ttf) normal normal 700 normal>) = 10.335
2021-11-14 14:33:44,234:DEBUG:findfont: score(<Font 'Khmer OS System' (KhmerOSsys.ttf) normal normal 400 normal>) = 10.05
2021-11-14 14:33:44,234:DEBUG:findfont: score(<Font 'STIXVariants' (STIXVariants-Regular.otf) normal normal 400 normal>) = 10.05
2021-11-14 14:33:44,234:DEBUG:findfont: score(<Font 'FreeSerif' (FreeSerif.ttf) normal normal 400 normal>) = 10.05
2021-11-14 14:33:44,234:DEBUG:findfont: score(<Font 'DejaVu Sans' (DejaVuSansCondensed-Oblique.ttf) oblique normal 400 condensed>) = 1.25
2021-11-14 14:33:44,234:DEBUG:findfont: score(<Font 'Arial Black' (ariblk.ttf) normal normal 400 normal>) = 10.05
2021-11-14 14:33:44,234:DEBUG:findfont: score(<Font 'STIXIntegralsUp' (STIXIntegralsUp-Regular.otf) normal normal 400 normal>) = 10.05
2021-11-14 14:33:44,234:DEBUG:findfont: score(<Font 'Liberation Sans' (LiberationSans-Bold.ttf) normal normal 700 normal>) = 10.335
2021-11-14 14:33:44,234:DEBUG:findfont: score(<Font 'Comic Sans MS' (Comic_Sans_MS.ttf) normal normal 400 normal>) = 10.05
2021-11-14 14:33:44,234:DEBUG:findfont: score(<Font 'Tlwg Typist' (TlwgTypist.ttf) normal normal 500 normal>) = 10.145
2021-11-14 14:33:44,234:DEBUG:findfont: score(<Font 'Ume P Gothic C5' (ume-pgc5.ttf) normal normal 400 normal>) = 10.05
2021-11-14 14:33:44,234:DEBUG:findfont: score(<Font 'Liberation Sans Narrow' (LiberationSansNarrow-BoldItalic.ttf) italic normal 700 condensed>) = 11.535
2021-11-14 14:33:44,234:DEBUG:findfont: score(<Font 'Impact' (Impact.ttf) normal normal 400 normal>) = 10.05
2021-11-14 14:33:44,234:DEBUG:findfont: score(<Font 'Khmer OS' (KhmerOS.ttf) normal normal 400 normal>) = 10.05
2021-11-14 14:33:44,235:DEBUG:findfont: score(<Font 'STIXGeneral' (STIXGeneral-Bold.otf) normal normal 700 normal>) = 10.335
2021-11-14 14:33:44,235:DEBUG:findfont: score(<Font 'Ume P Gothic O5' (ume-pgo5.ttf) normal normal 400 normal>) = 10.05
2021-11-14 14:33:44,235:DEBUG:findfont: score(<Font 'UnGraphic' (UnGraphic.ttf) normal normal 400 normal>) = 10.05
2021-11-14 14:33:44,235:DEBUG:findfont: score(<Font 'Liberation Serif' (LiberationSerif-Regular.ttf) normal normal 400 normal>) = 10.05
2021-11-14 14:33:44,235:DEBUG:findfont: score(<Font 'Umpush' (Umpush-Light.ttf) normal normal 300 normal>) = 10.145
2021-11-14 14:33:44,235:DEBUG:findfont: score(<Font 'Ubuntu Mono' (UbuntuMono-BI.ttf) italic normal 700 normal>) = 11.335
2021-11-14 14:33:44,235:DEBUG:findfont: score(<Font 'UnGraphic' (UnGraphicBold.ttf) normal normal 700 normal>) = 10.335
2021-11-14 14:33:44,235:DEBUG:findfont: score(<Font 'Verdana' (verdanaz.ttf) italic normal 700 normal>) = 4.971363636363637
2021-11-14 14:33:44,235:DEBUG:findfont: score(<Font 'Ubuntu Mono' (UbuntuMono-R.ttf) normal normal 400 normal>) = 10.05
2021-11-14 14:33:44,235:DEBUG:findfont: score(<Font 'Loma' (Loma-BoldOblique.ttf) oblique normal 700 normal>) = 11.335
2021-11-14 14:33:44,235:DEBUG:findfont: score(<Font 'Padauk Book' (Padauk-bookbold.ttf) normal normal 700 normal>) = 10.335
2021-11-14 14:33:44,235:DEBUG:findfont: Matching sans\-serif:style=normal:variant=normal:weight=normal:stretch=normal:size=12.0 to DejaVu Sans ('/home/yating/anaconda3/envs/py36/lib/python3.6/site-packages/matplotlib/mpl-data/fonts/ttf/DejaVuSans.ttf') with score of 0.050000.
2021-11-14 14:33:54,178:INFO:Miou=0.317335,aver_hd=27.712813,dv=0.481528
