2021-11-14 13:59:23,878:INFO:
=======
models:TUNet,
epoch:100,
batch size:4
dataset:tongue
========
2021-11-14 13:59:27,006:INFO:Epoch 0/99
2021-11-14 13:59:30,434:INFO:1/1,train_loss:0.711
2021-11-14 13:59:46,456:INFO:Miou=0.000000,aver_hd=18.381375,aver_dice=0.000000
2021-11-14 13:59:46,456:INFO:epoch 0 loss:0.711
2021-11-14 13:59:46,457:INFO:Epoch 1/99
2021-11-14 13:59:47,216:INFO:1/1,train_loss:0.666
2021-11-14 14:00:03,282:INFO:Miou=0.000000,aver_hd=18.381375,aver_dice=0.000000
2021-11-14 14:00:03,284:INFO:epoch 1 loss:0.666
2021-11-14 14:00:03,284:INFO:Epoch 2/99
2021-11-14 14:00:04,040:INFO:1/1,train_loss:0.628
2021-11-14 14:00:20,270:INFO:Miou=0.000000,aver_hd=18.381375,aver_dice=0.000000
2021-11-14 14:00:20,270:INFO:epoch 2 loss:0.628
2021-11-14 14:00:20,270:INFO:Epoch 3/99
2021-11-14 14:00:21,042:INFO:1/1,train_loss:0.594
2021-11-14 14:00:37,128:INFO:Miou=0.000000,aver_hd=18.381375,aver_dice=0.000000
2021-11-14 14:00:37,128:INFO:epoch 3 loss:0.594
2021-11-14 14:00:37,129:INFO:Epoch 4/99
2021-11-14 14:00:37,887:INFO:1/1,train_loss:0.565
2021-11-14 14:00:53,769:INFO:Miou=0.000000,aver_hd=18.381375,aver_dice=0.000000
2021-11-14 14:00:53,769:INFO:epoch 4 loss:0.565
2021-11-14 14:00:53,769:INFO:Epoch 5/99
2021-11-14 14:00:54,532:INFO:1/1,train_loss:0.540
2021-11-14 14:01:10,528:INFO:Miou=0.000000,aver_hd=18.381375,aver_dice=0.000000
2021-11-14 14:01:10,528:INFO:epoch 5 loss:0.540
2021-11-14 14:01:10,529:INFO:Epoch 6/99
2021-11-14 14:01:11,305:INFO:1/1,train_loss:0.520
2021-11-14 14:01:27,301:INFO:Miou=0.000000,aver_hd=18.381375,aver_dice=0.000000
2021-11-14 14:01:27,301:INFO:epoch 6 loss:0.520
2021-11-14 14:01:27,301:INFO:Epoch 7/99
2021-11-14 14:01:28,060:INFO:1/1,train_loss:0.501
2021-11-14 14:01:43,936:INFO:Miou=0.000000,aver_hd=18.381375,aver_dice=0.000000
2021-11-14 14:01:43,936:INFO:epoch 7 loss:0.501
2021-11-14 14:01:43,937:INFO:Epoch 8/99
2021-11-14 14:01:44,700:INFO:1/1,train_loss:0.485
2021-11-14 14:02:00,777:INFO:Miou=0.000000,aver_hd=18.381375,aver_dice=0.000000
2021-11-14 14:02:00,777:INFO:epoch 8 loss:0.485
2021-11-14 14:02:00,777:INFO:Epoch 9/99
2021-11-14 14:02:01,547:INFO:1/1,train_loss:0.472
2021-11-14 14:02:17,617:INFO:Miou=0.000000,aver_hd=18.381375,aver_dice=0.000000
2021-11-14 14:02:17,617:INFO:epoch 9 loss:0.472
2021-11-14 14:02:17,617:INFO:Epoch 10/99
2021-11-14 14:02:18,381:INFO:1/1,train_loss:0.461
2021-11-14 14:02:34,323:INFO:Miou=0.000000,aver_hd=18.381375,aver_dice=0.000000
2021-11-14 14:02:34,323:INFO:epoch 10 loss:0.461
2021-11-14 14:02:34,323:INFO:Epoch 11/99
2021-11-14 14:02:35,087:INFO:1/1,train_loss:0.449
2021-11-14 14:02:51,007:INFO:Miou=0.000000,aver_hd=18.381375,aver_dice=0.000000
2021-11-14 14:02:51,007:INFO:epoch 11 loss:0.449
2021-11-14 14:02:51,007:INFO:Epoch 12/99
2021-11-14 14:02:51,763:INFO:1/1,train_loss:0.441
2021-11-14 14:03:07,744:INFO:Miou=0.000000,aver_hd=18.381375,aver_dice=0.000000
2021-11-14 14:03:07,744:INFO:epoch 12 loss:0.441
2021-11-14 14:03:07,745:INFO:Epoch 13/99
2021-11-14 14:03:08,509:INFO:1/1,train_loss:0.433
2021-11-14 14:03:24,465:INFO:Miou=0.000000,aver_hd=18.381375,aver_dice=0.000000
2021-11-14 14:03:24,465:INFO:epoch 13 loss:0.433
2021-11-14 14:03:24,465:INFO:Epoch 14/99
2021-11-14 14:03:25,226:INFO:1/1,train_loss:0.426
2021-11-14 14:03:41,278:INFO:Miou=0.000000,aver_hd=18.381375,aver_dice=0.000000
2021-11-14 14:03:41,278:INFO:epoch 14 loss:0.426
2021-11-14 14:03:41,278:INFO:Epoch 15/99
2021-11-14 14:03:42,060:INFO:1/1,train_loss:0.420
2021-11-14 14:03:58,081:INFO:Miou=0.000000,aver_hd=18.381375,aver_dice=0.000000
2021-11-14 14:03:58,081:INFO:epoch 15 loss:0.420
2021-11-14 14:03:58,082:INFO:Epoch 16/99
2021-11-14 14:03:58,848:INFO:1/1,train_loss:0.414
2021-11-14 14:04:14,801:INFO:Miou=0.000000,aver_hd=18.381375,aver_dice=0.000000
2021-11-14 14:04:14,801:INFO:epoch 16 loss:0.414
2021-11-14 14:04:14,801:INFO:Epoch 17/99
2021-11-14 14:04:15,574:INFO:1/1,train_loss:0.410
2021-11-14 14:04:31,422:INFO:Miou=0.000000,aver_hd=18.381375,aver_dice=0.000000
2021-11-14 14:04:31,422:INFO:epoch 17 loss:0.410
2021-11-14 14:04:31,423:INFO:Epoch 18/99
2021-11-14 14:04:32,182:INFO:1/1,train_loss:0.405
2021-11-14 14:09:05,781:INFO:
=======
models:TUNet,
epoch:100,
batch size:4
dataset:tongue
========
2021-11-14 14:09:08,878:INFO:Epoch 0/99
2021-11-14 14:09:12,294:INFO:1/1,train_loss:0.704
2021-11-14 14:09:28,233:INFO:Miou=0.000000,aver_hd=18.381375,aver_dice=0.000000
2021-11-14 14:09:28,233:INFO:epoch 0 loss:0.704
2021-11-14 14:09:28,233:INFO:Epoch 1/99
2021-11-14 14:09:28,997:INFO:1/1,train_loss:0.670
2021-11-14 14:09:44,920:INFO:Miou=0.000000,aver_hd=18.381375,aver_dice=0.000000
2021-11-14 14:09:44,920:INFO:epoch 1 loss:0.670
2021-11-14 14:09:44,920:INFO:Epoch 2/99
2021-11-14 14:09:45,685:INFO:1/1,train_loss:0.642
2021-11-14 14:10:01,653:INFO:Miou=0.000000,aver_hd=18.381375,aver_dice=0.000000
2021-11-14 14:10:01,653:INFO:epoch 2 loss:0.642
2021-11-14 14:10:01,653:INFO:Epoch 3/99
2021-11-14 14:10:02,430:INFO:1/1,train_loss:0.616
2021-11-14 14:10:18,294:INFO:Miou=0.000000,aver_hd=18.381375,aver_dice=0.000000
2021-11-14 14:10:18,294:INFO:epoch 3 loss:0.616
2021-11-14 14:10:18,295:INFO:Epoch 4/99
2021-11-14 14:10:19,056:INFO:1/1,train_loss:0.592
2021-11-14 14:10:34,776:INFO:Miou=0.000000,aver_hd=18.381375,aver_dice=0.000000
2021-11-14 14:10:34,776:INFO:epoch 4 loss:0.592
2021-11-14 14:10:34,777:INFO:Epoch 5/99
2021-11-14 14:10:35,538:INFO:1/1,train_loss:0.570
2021-11-14 14:10:51,212:INFO:Miou=0.000000,aver_hd=18.381375,aver_dice=0.000000
2021-11-14 14:10:51,212:INFO:epoch 5 loss:0.570
2021-11-14 14:10:51,212:INFO:Epoch 6/99
2021-11-14 14:10:51,977:INFO:1/1,train_loss:0.550
2021-11-14 14:11:07,793:INFO:Miou=0.000000,aver_hd=18.381375,aver_dice=0.000000
2021-11-14 14:11:07,793:INFO:epoch 6 loss:0.550
2021-11-14 14:11:07,793:INFO:Epoch 7/99
2021-11-14 14:11:08,556:INFO:1/1,train_loss:0.533
